##############################################################
## scripts/syn.tcl
## Synopsys DC Synthesis — EE577B Cardinal Mesh NoC
## Design: gold_router (with all sub-modules)
## Clock:  250 MHz  =>  4.0 ns period
## Target: NCSU FreePDK 45nm (gscl45nm)
##
## Run from project root as:
##   make syn DESIGN_NAME=gold_router
## OR:
##   dc_shell-t -f scripts/syn.tcl | tee report/dc_run.log
##############################################################
set design_name $env(DESIGN_NAME)
cardinal_nic
##############################################################
## 1. Library Setup
##############################################################
set search_path [list .     /home/scf-22/ee577/NCSU45PDK/FreePDK45/osu_soc/lib/files]
. /home/scf-22/ee577/NCSU45PDK/FreePDK45/osu_soc/lib/files
set target_library   { gscl45nm.db }
 gscl45nm.db 
set synthetic_library [list dw_foundation.sldb standard.sldb]
dw_foundation.sldb standard.sldb
set link_library     [list * gscl45nm.db dw_foundation.sldb standard.sldb]
* gscl45nm.db dw_foundation.sldb standard.sldb
##############################################################
## 2. Read RTL — branch on which design is being synthesized
##############################################################
if { $design_name == "gold_router" } {

    # Read all 5 sub-modules in bottom-up order
    analyze -library work -format verilog {
        ./src/vc_buffer.v
        ./src/rr_arbiter.v
        ./src/input_ctrl.v
        ./src/output_ctrl.v
        ./src/gold_router.v
    }
    elaborate gold_router

} elseif { $design_name == "cardinal_nic" } {

    analyze -library work -format verilog { ./src/cardinal_nic.v }
    elaborate cardinal_nic

} else {
    # Generic single-file fallback
    analyze -library work -format verilog [list ./src/${design_name}.v]
    elaborate $design_name
}
Running PRESTO HDLC
Compiling source file ./src/cardinal_nic.v
Presto compilation completed successfully.
Loading db file '/home/scf-22/ee577/NCSU45PDK/FreePDK45/osu_soc/lib/files/gscl45nm.db'
Loading db file '/usr/local/synopsys/Design_Compiler/default/libraries/syn/dw_foundation.sldb'
Loading db file '/usr/local/synopsys/Design_Compiler/default/libraries/syn/standard.sldb'
Loading db file '/usr/local/synopsys/Design_Compiler/default/libraries/syn/gtech.db'
  Loading link library 'gscl45nm'
  Loading link library 'gtech'
Running PRESTO HDLC
Warning:  ./src/cardinal_nic.v:247: DEFAULT branch of CASE statement cannot be reached. (ELAB-311)

Statistics for case statements in always block at line 165 in file
        './src/cardinal_nic.v'
===============================================
|           Line           |  full/ parallel  |
===============================================
|           247            |    auto/auto     |
===============================================

Inferred memory devices in process
        in routine cardinal_nic line 165 in file
                './src/cardinal_nic.v'.
===============================================================================
|    Register Name    |   Type    | Width | Bus | MB | AR | AS | SR | SS | ST |
===============================================================================
|  output_status_reg  | Flip-flop |   1   |  N  | N  | N  | N  | N  | N  | N  |
| net_output_buf_reg  | Flip-flop |  64   |  Y  | N  | N  | N  | N  | N  | N  |
|      d_out_reg      | Flip-flop |  64   |  Y  | N  | N  | N  | N  | N  | N  |
|  net_input_buf_reg  | Flip-flop |  64   |  Y  | N  | N  | N  | N  | N  | N  |
|  input_status_reg   | Flip-flop |   1   |  N  | N  | N  | N  | N  | N  | N  |
===============================================================================
Presto compilation completed successfully.
Elaborated 1 design.
Current design is now 'cardinal_nic'.
1
##############################################################
## 3. Clock Constraint — 250 MHz = 4.0 ns period
##############################################################
create_clock -name clk -period 4.0 -waveform {0 2.0} [get_ports clk]
1
# Conservative I/O delays: 20% of clock period
set_input_delay  0.8 -clock clk [all_inputs]
1
set_output_delay 0.8 -clock clk [all_outputs]
1
##############################################################
## 4. Compile Options
##############################################################
set_max_area 0
1
set_flatten  false
1
set_structure true
1
check_design > ./report/${design_name}.check_design
compile -map_effort medium
Information: Evaluating DesignWare library utilization. (UISN-27)

============================================================================
| DesignWare Building Block Library  |         Version         | Available |
============================================================================
| Basic DW Building Blocks           | K-2015.06-DWBB_201506.5.2
                                                               |     *     |
| Licensed DW Building Blocks        | K-2015.06-DWBB_201506.5.2
                                                               |           |
============================================================================



  Beginning Pass 1 Mapping
  ------------------------
  Processing 'cardinal_nic'

  Updating timing information
Information: Updating design information... (UID-85)

  Beginning Mapping Optimizations  (Medium effort)
  -------------------------------

                                  TOTAL                                      
   ELAPSED            WORST NEG   SETUP    DESIGN                            
    TIME      AREA      SLACK     COST    RULE COST         ENDPOINT         
  --------- --------- --------- --------- --------- -------------------------
    0:00:00    2853.3      0.00       0.0       0.5                          
    0:00:00    2853.3      0.00       0.0       0.5                          
    0:00:00    2853.3      0.00       0.0       0.5                          
    0:00:00    2853.3      0.00       0.0       0.5                          
    0:00:00    2853.3      0.00       0.0       0.5                          
    0:00:00    2684.9      0.00       0.0       0.4                          
    0:00:00    2684.9      0.00       0.0       0.4                          
    0:00:00    2684.9      0.00       0.0       0.4                          
    0:00:00    2684.9      0.00       0.0       0.4                          
    0:00:00    2684.9      0.00       0.0       0.4                          
    0:00:00    2708.3      0.00       0.0       0.4                          
    0:00:00    2720.5      0.00       0.0       0.4                          
    0:00:00    2738.8      0.00       0.0       0.4                          
    0:00:01    2755.7      0.00       0.0       0.3                          
    0:00:01    2772.6      0.00       0.0       0.3                          
    0:00:01    2789.5      0.00       0.0       0.3                          
    0:00:01    2804.5      0.00       0.0       0.3                          
    0:00:01    2819.6      0.00       0.0       0.3                          
    0:00:01    2834.6      0.00       0.0       0.2                          
    0:00:01    2834.6      0.00       0.0       0.2                          



  Beginning Delay Optimization Phase
  ----------------------------------

                                  TOTAL                                      
   ELAPSED            WORST NEG   SETUP    DESIGN                            
    TIME      AREA      SLACK     COST    RULE COST         ENDPOINT         
  --------- --------- --------- --------- --------- -------------------------
    0:00:01    2834.6      0.00       0.0       0.2                          
    0:00:01    2834.6      0.00       0.0       0.2                          
    0:00:01    2834.6      0.00       0.0       0.2                          


  Beginning Design Rule Fixing  (max_capacitance)
  ----------------------------

                                  TOTAL                                      
   ELAPSED            WORST NEG   SETUP    DESIGN                            
    TIME      AREA      SLACK     COST    RULE COST         ENDPOINT         
  --------- --------- --------- --------- --------- -------------------------
    0:00:01    2834.6      0.00       0.0       0.2                          
    0:00:01    3018.1      0.00       0.0       0.2 n213                     
    0:00:01    3164.0      0.00       0.0       0.1 n290                     
    0:00:01    3239.1      0.00       0.0       0.1 n322                     
    0:00:02    3288.4      0.00       0.0       0.1                          


  Beginning Area-Recovery Phase  (max_area 0)
  -----------------------------

                                  TOTAL                                      
   ELAPSED            WORST NEG   SETUP    DESIGN                            
    TIME      AREA      SLACK     COST    RULE COST         ENDPOINT         
  --------- --------- --------- --------- --------- -------------------------
    0:00:02    3288.4      0.00       0.0       0.1                          
    0:00:02    3288.4      0.00       0.0       0.1                          
    0:00:02    3112.9      0.00       0.0       0.1                          
    0:00:02    3094.6      0.00       0.0       0.1                          
    0:00:02    3077.7      0.00       0.0       0.1                          
    0:00:02    3067.8      0.00       0.0       0.1                          
    0:00:02    3059.4      0.00       0.0       0.1                          
    0:00:02    3059.4      0.00       0.0       0.1                          
    0:00:02    3059.4      0.00       0.0       0.1                          
    0:00:02    3059.4      0.00       0.0       0.1                          
    0:00:02    3059.4      0.00       0.0       0.1                          
    0:00:02    3059.4      0.00       0.0       0.1                          
    0:00:02    3059.4      0.00       0.0       0.1                          
    0:00:02    3059.4      0.00       0.0       0.1                          
    0:00:02    3049.5      0.00       0.0       0.1                          
    0:00:02    3035.4      0.00       0.0       0.1                          
    0:00:02    3035.4      0.00       0.0       0.1                          
    0:00:02    3035.4      0.00       0.0       0.1                          
    0:00:02    3035.4      0.00       0.0       0.1                          
    0:00:02    3035.4      0.00       0.0       0.1                          
    0:00:02    3035.4      0.00       0.0       0.1                          
    0:00:02    3035.4      0.00       0.0       0.1                          
Loading db file '/home/scf-22/ee577/NCSU45PDK/FreePDK45/osu_soc/lib/files/gscl45nm.db'


Note: Symbol # after min delay cost means estimated hold TNS across all active scenarios 


  Optimization Complete
  ---------------------
1
##############################################################
## 5. Reports
##############################################################
report_timing > ./report/${design_name}.timing
report_area   > ./report/${design_name}.area
report_power  > ./report/${design_name}.power
##############################################################
## 6. Write Netlist + SDF + SDC
##############################################################
write -format verilog -hierarchy       -output ./netlist/${design_name}_syn.v
Writing verilog file '/home/viterbi/09/obhatt/577B/project/EE577B/netlist/cardinal_nic_syn.v'.
1
write_sdf -version 2.1           ./netlist/${design_name}_syn.sdf
Information: Annotated 'cell' delays are assumed to include load delay. (UID-282)
Information: Writing timing information to file '/home/viterbi/09/obhatt/577B/project/EE577B/netlist/cardinal_nic_syn.sdf'. (WT-3)
1
write_sdc ./netlist/${design_name}_syn.sdc
1
echo ""

echo "==================================================="
===================================================
echo " Synthesis COMPLETE: $design_name"
 Synthesis COMPLETE: cardinal_nic
echo "   netlist/${design_name}_syn.v"
   netlist/cardinal_nic_syn.v
echo "   netlist/${design_name}_syn.sdf"
   netlist/cardinal_nic_syn.sdf
echo "   report/${design_name}.timing"
   report/cardinal_nic.timing
echo "   report/${design_name}.area"
   report/cardinal_nic.area
echo "   report/${design_name}.power"
   report/cardinal_nic.power
echo "==================================================="
===================================================
quit

Thank you...

