// Cardinal 4x4 Mesh -- Phase Timing
// ===================================
// Sim start: 0
Phase 0 Start: 806000 ns (dest=node(0,0))
Phase 0 End:   982000 ns (15/15 received)
Phase 1 Start: 1014000 ns (dest=node(1,0))
Phase 1 End:   1182000 ns (15/15 received)
Phase 2 Start: 1214000 ns (dest=node(2,0))
Phase 2 End:   1382000 ns (15/15 received)
Phase 3 Start: 1414000 ns (dest=node(3,0))
Phase 3 End:   1590000 ns (15/15 received)
Phase 4 Start: 1622000 ns (dest=node(0,1))
Phase 4 End:   1790000 ns (15/15 received)
Phase 5 Start: 1822000 ns (dest=node(1,1))
Phase 5 End:   1982000 ns (15/15 received)
Phase 6 Start: 2014000 ns (dest=node(2,1))
Phase 6 End:   2174000 ns (15/15 received)
Phase 7 Start: 2206000 ns (dest=node(3,1))
Phase 7 End:   2374000 ns (15/15 received)
Phase 8 Start: 2406000 ns (dest=node(0,2))
Phase 8 End:   2566000 ns (15/15 received)
Phase 9 Start: 2598000 ns (dest=node(1,2))
Phase 9 End:   2750000 ns (15/15 received)
Phase 10 Start: 2782000 ns (dest=node(2,2))
Phase 10 End:   2942000 ns (15/15 received)
Phase 11 Start: 2974000 ns (dest=node(3,2))
Phase 11 End:   3142000 ns (15/15 received)
Phase 12 Start: 3174000 ns (dest=node(0,3))
Phase 12 End:   3334000 ns (15/15 received)
Phase 13 Start: 3366000 ns (dest=node(1,3))
Phase 13 End:   3526000 ns (15/15 received)
Phase 14 Start: 3558000 ns (dest=node(2,3))
Phase 14 End:   3726000 ns (15/15 received)
Phase 15 Start: 3758000 ns (dest=node(3,3))
Phase 15 End:   3934000 ns (15/15 received)

// === FINAL RESULT ===
// Sim end:  3966000
// PASS: 322  FAIL: 0
// ALL TESTS PASSED
