****************************************
Report : global_timing
	-format { narrow }
Design : cardinal_node
Version: Y-2026.03
Date   : Fri Apr 17 13:38:02 2026
****************************************

Setup violations
---------------------------------------------------------
         Total  reg->reg   in->reg  reg->out   in->out
---------------------------------------------------------
WNS    -152.72   -152.72      0.00      0.00      0.00
TNS  -39158.54 -39158.54      0.00      0.00      0.00
NUM        257       257         0         0         0
---------------------------------------------------------


Hold violations
---------------------------------------------------------
         Total  reg->reg   in->reg  reg->out   in->out
---------------------------------------------------------
WNS      -0.00     -0.00      0.00      0.00      0.00
TNS      -0.00     -0.00      0.00      0.00      0.00
NUM          3         3         0         0         0
---------------------------------------------------------

1
