 
****************************************
Report : timing
        -path full
        -delay min
        -max_paths 1
Design : cardinal_node
Version: Y-2026.03
Date   : Fri Apr 17 19:07:36 2026
****************************************

 # A fanout number of 1000 was used for high fanout net computations.

Operating Conditions: typical   Library: gscl45nm
Wire Load Model Mode: top

  Startpoint: u_cpu/ifid_inst_reg_22_
              (rising edge-triggered flip-flop clocked by clk)
  Endpoint: u_cpu/IF_unit/PC_reg_9_
            (rising edge-triggered flip-flop clocked by clk)
  Path Group: clk
  Path Type: min

  Point                                                   Incr       Path
  --------------------------------------------------------------------------
  clock clk (rise edge)                                   0.00       0.00
  clock network delay (ideal)                             0.50       0.50
  u_cpu/ifid_inst_reg_22_/CLK (DFFPOSX1)                  0.00 #     0.50 r
  u_cpu/ifid_inst_reg_22_/Q (DFFPOSX1)                    0.07       0.57 r
  u_cpu/ID_unit/inst[22] (id_stage)                       0.00       0.57 r
  u_cpu/ID_unit/branch_target[22] (id_stage)              0.00       0.57 r
  u_cpu/IF_unit/branch_target[9] (instruction_fetch)      0.00       0.57 r
  u_cpu/IF_unit/U34/Y (NAND2X1)                           0.01       0.58 f
  u_cpu/IF_unit/U87/Y (NAND2X1)                           0.01       0.59 r
  u_cpu/IF_unit/PC_reg_9_/D (DFFPOSX1)                    0.00       0.59 r
  data arrival time                                                  0.59

  clock clk (rise edge)                                   0.00       0.00
  clock network delay (ideal)                             0.50       0.50
  clock uncertainty                                       0.10       0.60
  u_cpu/IF_unit/PC_reg_9_/CLK (DFFPOSX1)                  0.00       0.60 r
  library hold time                                      -0.01       0.59
  data required time                                                 0.59
  --------------------------------------------------------------------------
  data required time                                                 0.59
  data arrival time                                                 -0.59
  --------------------------------------------------------------------------
  slack (VIOLATED: increase significant digits)                      0.00


1
