 
****************************************
Report : qor
Design : cardinal_node
Version: Y-2026.03
Date   : Fri Apr 17 19:08:32 2026
****************************************


  Timing Path Group 'clk'
  -----------------------------------
  Levels of Logic:             347.00
  Critical Path Length:         10.81
  Critical Path Slack:          -6.97
  Critical Path Clk Period:      4.00
  Total Negative Slack:      -1556.69
  No. of Violating Paths:      232.00
  Worst Hold Violation:         -0.00
  Total Hold Violation:         -0.00
  No. of Hold Violations:        1.00
  -----------------------------------


  Cell Count
  -----------------------------------
  Hierarchical Cell Count:          5
  Hierarchical Port Count:       1274
  Leaf Cell Count:             263231
  Buf/Inv Cell Count:           75746
  Buf Cell Count:                9099
  Inv Cell Count:               66647
  CT Buf/Inv Cell Count:            0
  Combinational Cell Count:    260855
  Sequential Cell Count:         2376
  Macro Count:                      0
  -----------------------------------


  Area
  -----------------------------------
  Combinational Area:   659130.904006
  Noncombinational Area: 18955.965179
  Buf/Inv Area:         118717.880151
  Total Buffer Area:         21551.19
  Total Inverter Area:       97166.69
  Macro/Black Box Area:      0.000000
  Net Area:                  0.000000
  -----------------------------------
  Cell Area:            678086.869185
  Design Area:          678086.869185


  Design Rules
  -----------------------------------
  Total Number of Nets:        272885
  Nets With Violations:        120881
  Max Trans Violations:             0
  Max Cap Violations:          118857
  Max Fanout Violations:         2026
  -----------------------------------


  Hostname: viterbi-scf01.vlab.usc.edu

  Compile CPU Statistics
  -----------------------------------------
  Resource Sharing:                   32.36
  Logic Optimization:              17637.22
  Mapping Optimization:             8734.45
  -----------------------------------------
  Overall Compile Time:            30080.19
  Overall Compile Wall Clock Time: 30551.12

  --------------------------------------------------------------------

  Design  WNS: 6.97  TNS: 1556.69  Number of Violating Paths: 232


  Design (Hold)  WNS: 0.00  TNS: 0.00  Number of Violating Paths: 1

  --------------------------------------------------------------------


1
