 
****************************************
check_design summary:
Version:     Y-2026.03
Date:        Fri Apr 17 19:08:42 2026
****************************************

                   Name                                            Total
--------------------------------------------------------------------------------
Inputs/Outputs                                                    356
    Unconnected ports (LINT-28)                                   340
    Feedthrough (LINT-29)                                          16

Cells                                                             110
    Nets connected to multiple pins on same cell (LINT-33)          7
    Hier pins without driver and load (LINT-60)                   103

Designs                                                             2
    Black box (LINT-55)                                             2

Nets                                                              235
    Unloaded nets (LINT-2)                                        235
--------------------------------------------------------------------------------

Warning: In design 'cardinal_node', net 'SYNOPSYS_UNCONNECTED_113' driven by pin 'u_cpu/addr_out[23]' has no loads. (LINT-2)
Warning: In design 'cardinal_node', net 'SYNOPSYS_UNCONNECTED_112' driven by pin 'u_cpu/addr_out[22]' has no loads. (LINT-2)
Warning: In design 'cardinal_node', net 'SYNOPSYS_UNCONNECTED_111' driven by pin 'u_cpu/addr_out[21]' has no loads. (LINT-2)
Warning: In design 'cardinal_node', net 'SYNOPSYS_UNCONNECTED_110' driven by pin 'u_cpu/addr_out[20]' has no loads. (LINT-2)
Warning: In design 'cardinal_node', net 'SYNOPSYS_UNCONNECTED_109' driven by pin 'u_cpu/addr_out[19]' has no loads. (LINT-2)
Warning: In design 'cardinal_node', net 'SYNOPSYS_UNCONNECTED_108' driven by pin 'u_cpu/addr_out[18]' has no loads. (LINT-2)
Warning: In design 'cardinal_node', net 'SYNOPSYS_UNCONNECTED_107' driven by pin 'u_cpu/addr_out[17]' has no loads. (LINT-2)
Warning: In design 'cardinal_node', net 'SYNOPSYS_UNCONNECTED_106' driven by pin 'u_cpu/addr_out[16]' has no loads. (LINT-2)
Warning: In design 'cardinal_node', net 'SYNOPSYS_UNCONNECTED_105' driven by pin 'u_cpu/addr_out[15]' has no loads. (LINT-2)
Warning: In design 'cardinal_node', net 'SYNOPSYS_UNCONNECTED_104' driven by pin 'u_cpu/addr_out[14]' has no loads. (LINT-2)
Warning: In design 'cardinal_node', net 'SYNOPSYS_UNCONNECTED_103' driven by pin 'u_cpu/addr_out[13]' has no loads. (LINT-2)
Warning: In design 'cardinal_node', net 'SYNOPSYS_UNCONNECTED_102' driven by pin 'u_cpu/addr_out[12]' has no loads. (LINT-2)
Warning: In design 'cardinal_node', net 'SYNOPSYS_UNCONNECTED_101' driven by pin 'u_cpu/addr_out[11]' has no loads. (LINT-2)
Warning: In design 'cardinal_node', net 'SYNOPSYS_UNCONNECTED_100' driven by pin 'u_cpu/addr_out[10]' has no loads. (LINT-2)
Warning: In design 'cardinal_node', net 'SYNOPSYS_UNCONNECTED_99' driven by pin 'u_cpu/addr_out[9]' has no loads. (LINT-2)
Warning: In design 'cardinal_node', net 'SYNOPSYS_UNCONNECTED_98' driven by pin 'u_cpu/addr_out[8]' has no loads. (LINT-2)
Warning: In design 'cardinal_node', net 'SYNOPSYS_UNCONNECTED_97' driven by pin 'u_cpu/addr_out[7]' has no loads. (LINT-2)
Warning: In design 'cardinal_node', net 'SYNOPSYS_UNCONNECTED_96' driven by pin 'u_cpu/addr_out[6]' has no loads. (LINT-2)
Warning: In design 'cardinal_node', net 'SYNOPSYS_UNCONNECTED_95' driven by pin 'u_cpu/addr_out[5]' has no loads. (LINT-2)
Warning: In design 'cardinal_node', net 'SYNOPSYS_UNCONNECTED_94' driven by pin 'u_cpu/addr_out[4]' has no loads. (LINT-2)
Warning: In design 'cardinal_node', net 'SYNOPSYS_UNCONNECTED_93' driven by pin 'u_cpu/addr_out[3]' has no loads. (LINT-2)
Warning: In design 'cardinal_node', net 'SYNOPSYS_UNCONNECTED_92' driven by pin 'u_cpu/addr_out[2]' has no loads. (LINT-2)
Warning: In design 'cardinal_node', net 'SYNOPSYS_UNCONNECTED_91' driven by pin 'u_cpu/addr_out[1]' has no loads. (LINT-2)
Warning: In design 'cardinal_node', net 'SYNOPSYS_UNCONNECTED_90' driven by pin 'u_cpu/addr_out[0]' has no loads. (LINT-2)
Warning: In design 'cardinal_node', net 'SYNOPSYS_UNCONNECTED_89' driven by pin 'u_cpu/pc_out[31]' has no loads. (LINT-2)
Warning: In design 'cardinal_node', net 'SYNOPSYS_UNCONNECTED_88' driven by pin 'u_cpu/pc_out[30]' has no loads. (LINT-2)
Warning: In design 'cardinal_node', net 'SYNOPSYS_UNCONNECTED_87' driven by pin 'u_cpu/pc_out[21]' has no loads. (LINT-2)
Warning: In design 'cardinal_node', net 'SYNOPSYS_UNCONNECTED_86' driven by pin 'u_cpu/pc_out[20]' has no loads. (LINT-2)
Warning: In design 'cardinal_node', net 'SYNOPSYS_UNCONNECTED_85' driven by pin 'u_cpu/pc_out[19]' has no loads. (LINT-2)
Warning: In design 'cardinal_node', net 'SYNOPSYS_UNCONNECTED_84' driven by pin 'u_cpu/pc_out[18]' has no loads. (LINT-2)
Warning: In design 'cardinal_node', net 'SYNOPSYS_UNCONNECTED_83' driven by pin 'u_cpu/pc_out[17]' has no loads. (LINT-2)
Warning: In design 'cardinal_node', net 'SYNOPSYS_UNCONNECTED_82' driven by pin 'u_cpu/pc_out[16]' has no loads. (LINT-2)
Warning: In design 'cardinal_node', net 'SYNOPSYS_UNCONNECTED_81' driven by pin 'u_cpu/pc_out[15]' has no loads. (LINT-2)
Warning: In design 'cardinal_node', net 'SYNOPSYS_UNCONNECTED_80' driven by pin 'u_cpu/pc_out[14]' has no loads. (LINT-2)
Warning: In design 'cardinal_node', net 'SYNOPSYS_UNCONNECTED_79' driven by pin 'u_cpu/pc_out[13]' has no loads. (LINT-2)
Warning: In design 'cardinal_node', net 'SYNOPSYS_UNCONNECTED_78' driven by pin 'u_cpu/pc_out[12]' has no loads. (LINT-2)
Warning: In design 'cardinal_node', net 'SYNOPSYS_UNCONNECTED_77' driven by pin 'u_cpu/pc_out[11]' has no loads. (LINT-2)
Warning: In design 'cardinal_node', net 'SYNOPSYS_UNCONNECTED_76' driven by pin 'u_cpu/pc_out[10]' has no loads. (LINT-2)
Warning: In design 'cardinal_node', net 'SYNOPSYS_UNCONNECTED_75' driven by pin 'u_cpu/pc_out[9]' has no loads. (LINT-2)
Warning: In design 'cardinal_node', net 'SYNOPSYS_UNCONNECTED_74' driven by pin 'u_cpu/pc_out[8]' has no loads. (LINT-2)
Warning: In design 'cardinal_node', net 'SYNOPSYS_UNCONNECTED_73' driven by pin 'u_cpu/pc_out[7]' has no loads. (LINT-2)
Warning: In design 'cardinal_node', net 'SYNOPSYS_UNCONNECTED_72' driven by pin 'u_cpu/pc_out[6]' has no loads. (LINT-2)
Warning: In design 'cardinal_node', net 'SYNOPSYS_UNCONNECTED_71' driven by pin 'u_cpu/pc_out[5]' has no loads. (LINT-2)
Warning: In design 'cardinal_node', net 'SYNOPSYS_UNCONNECTED_70' driven by pin 'u_cpu/pc_out[4]' has no loads. (LINT-2)
Warning: In design 'cardinal_node', net 'SYNOPSYS_UNCONNECTED_69' driven by pin 'u_cpu/pc_out[3]' has no loads. (LINT-2)
Warning: In design 'cardinal_node', net 'SYNOPSYS_UNCONNECTED_68' driven by pin 'u_cpu/pc_out[2]' has no loads. (LINT-2)
Warning: In design 'cardinal_node', net 'SYNOPSYS_UNCONNECTED_67' driven by pin 'u_cpu/pc_out[1]' has no loads. (LINT-2)
Warning: In design 'cardinal_node', net 'SYNOPSYS_UNCONNECTED_66' driven by pin 'u_cpu/pc_out[0]' has no loads. (LINT-2)
Warning: In design 'cardinal_node', net 'SYNOPSYS_UNCONNECTED_65' driven by pin 'u_nic/d_out[0]' has no loads. (LINT-2)
Warning: In design 'cardinal_node', net 'SYNOPSYS_UNCONNECTED_64' driven by pin 'u_nic/d_out[1]' has no loads. (LINT-2)
Warning: In design 'cardinal_node', net 'SYNOPSYS_UNCONNECTED_63' driven by pin 'u_nic/d_out[2]' has no loads. (LINT-2)
Warning: In design 'cardinal_node', net 'SYNOPSYS_UNCONNECTED_62' driven by pin 'u_nic/d_out[3]' has no loads. (LINT-2)
Warning: In design 'cardinal_node', net 'SYNOPSYS_UNCONNECTED_61' driven by pin 'u_nic/d_out[4]' has no loads. (LINT-2)
Warning: In design 'cardinal_node', net 'SYNOPSYS_UNCONNECTED_60' driven by pin 'u_nic/d_out[5]' has no loads. (LINT-2)
Warning: In design 'cardinal_node', net 'SYNOPSYS_UNCONNECTED_59' driven by pin 'u_nic/d_out[6]' has no loads. (LINT-2)
Warning: In design 'cardinal_node', net 'SYNOPSYS_UNCONNECTED_58' driven by pin 'u_nic/d_out[7]' has no loads. (LINT-2)
Warning: In design 'cardinal_node', net 'SYNOPSYS_UNCONNECTED_57' driven by pin 'u_nic/d_out[8]' has no loads. (LINT-2)
Warning: In design 'cardinal_node', net 'SYNOPSYS_UNCONNECTED_56' driven by pin 'u_nic/d_out[9]' has no loads. (LINT-2)
Warning: In design 'cardinal_node', net 'SYNOPSYS_UNCONNECTED_55' driven by pin 'u_nic/d_out[10]' has no loads. (LINT-2)
Warning: In design 'cardinal_node', net 'SYNOPSYS_UNCONNECTED_54' driven by pin 'u_nic/d_out[11]' has no loads. (LINT-2)
Warning: In design 'cardinal_node', net 'SYNOPSYS_UNCONNECTED_53' driven by pin 'u_nic/d_out[12]' has no loads. (LINT-2)
Warning: In design 'cardinal_node', net 'SYNOPSYS_UNCONNECTED_52' driven by pin 'u_nic/d_out[13]' has no loads. (LINT-2)
Warning: In design 'cardinal_node', net 'SYNOPSYS_UNCONNECTED_51' driven by pin 'u_nic/d_out[14]' has no loads. (LINT-2)
Warning: In design 'cardinal_node', net 'SYNOPSYS_UNCONNECTED_50' driven by pin 'u_nic/d_out[15]' has no loads. (LINT-2)
Warning: In design 'cardinal_node', net 'SYNOPSYS_UNCONNECTED_49' driven by pin 'u_nic/d_out[16]' has no loads. (LINT-2)
Warning: In design 'cardinal_node', net 'SYNOPSYS_UNCONNECTED_48' driven by pin 'u_nic/d_out[17]' has no loads. (LINT-2)
Warning: In design 'cardinal_node', net 'SYNOPSYS_UNCONNECTED_47' driven by pin 'u_nic/d_out[18]' has no loads. (LINT-2)
Warning: In design 'cardinal_node', net 'SYNOPSYS_UNCONNECTED_46' driven by pin 'u_nic/d_out[19]' has no loads. (LINT-2)
Warning: In design 'cardinal_node', net 'SYNOPSYS_UNCONNECTED_45' driven by pin 'u_nic/d_out[20]' has no loads. (LINT-2)
Warning: In design 'cardinal_node', net 'SYNOPSYS_UNCONNECTED_44' driven by pin 'u_nic/d_out[21]' has no loads. (LINT-2)
Warning: In design 'cardinal_node', net 'SYNOPSYS_UNCONNECTED_43' driven by pin 'u_nic/d_out[22]' has no loads. (LINT-2)
Warning: In design 'cardinal_node', net 'SYNOPSYS_UNCONNECTED_42' driven by pin 'u_nic/d_out[23]' has no loads. (LINT-2)
Warning: In design 'cardinal_node', net 'SYNOPSYS_UNCONNECTED_41' driven by pin 'u_nic/d_out[24]' has no loads. (LINT-2)
Warning: In design 'cardinal_node', net 'SYNOPSYS_UNCONNECTED_40' driven by pin 'u_nic/d_out[25]' has no loads. (LINT-2)
Warning: In design 'cardinal_node', net 'SYNOPSYS_UNCONNECTED_39' driven by pin 'u_nic/d_out[26]' has no loads. (LINT-2)
Warning: In design 'cardinal_node', net 'SYNOPSYS_UNCONNECTED_38' driven by pin 'u_nic/d_out[27]' has no loads. (LINT-2)
Warning: In design 'cardinal_node', net 'SYNOPSYS_UNCONNECTED_37' driven by pin 'u_nic/d_out[28]' has no loads. (LINT-2)
Warning: In design 'cardinal_node', net 'SYNOPSYS_UNCONNECTED_36' driven by pin 'u_nic/d_out[29]' has no loads. (LINT-2)
Warning: In design 'cardinal_node', net 'SYNOPSYS_UNCONNECTED_35' driven by pin 'u_nic/d_out[30]' has no loads. (LINT-2)
Warning: In design 'cardinal_node', net 'SYNOPSYS_UNCONNECTED_34' driven by pin 'u_nic/d_out[31]' has no loads. (LINT-2)
Warning: In design 'cardinal_node', net 'SYNOPSYS_UNCONNECTED_33' driven by pin 'u_nic/d_out[32]' has no loads. (LINT-2)
Warning: In design 'cardinal_node', net 'SYNOPSYS_UNCONNECTED_32' driven by pin 'u_nic/d_out[33]' has no loads. (LINT-2)
Warning: In design 'cardinal_node', net 'SYNOPSYS_UNCONNECTED_31' driven by pin 'u_nic/d_out[34]' has no loads. (LINT-2)
Warning: In design 'cardinal_node', net 'SYNOPSYS_UNCONNECTED_30' driven by pin 'u_nic/d_out[35]' has no loads. (LINT-2)
Warning: In design 'cardinal_node', net 'SYNOPSYS_UNCONNECTED_29' driven by pin 'u_nic/d_out[36]' has no loads. (LINT-2)
Warning: In design 'cardinal_node', net 'SYNOPSYS_UNCONNECTED_28' driven by pin 'u_nic/d_out[37]' has no loads. (LINT-2)
Warning: In design 'cardinal_node', net 'SYNOPSYS_UNCONNECTED_27' driven by pin 'u_nic/d_out[38]' has no loads. (LINT-2)
Warning: In design 'cardinal_node', net 'SYNOPSYS_UNCONNECTED_26' driven by pin 'u_nic/d_out[39]' has no loads. (LINT-2)
Warning: In design 'cardinal_node', net 'SYNOPSYS_UNCONNECTED_25' driven by pin 'u_nic/d_out[40]' has no loads. (LINT-2)
Warning: In design 'cardinal_node', net 'SYNOPSYS_UNCONNECTED_24' driven by pin 'u_nic/d_out[41]' has no loads. (LINT-2)
Warning: In design 'cardinal_node', net 'SYNOPSYS_UNCONNECTED_23' driven by pin 'u_nic/d_out[42]' has no loads. (LINT-2)
Warning: In design 'cardinal_node', net 'SYNOPSYS_UNCONNECTED_22' driven by pin 'u_nic/d_out[43]' has no loads. (LINT-2)
Warning: In design 'cardinal_node', net 'SYNOPSYS_UNCONNECTED_21' driven by pin 'u_nic/d_out[44]' has no loads. (LINT-2)
Warning: In design 'cardinal_node', net 'SYNOPSYS_UNCONNECTED_20' driven by pin 'u_nic/d_out[45]' has no loads. (LINT-2)
Warning: In design 'cardinal_node', net 'SYNOPSYS_UNCONNECTED_19' driven by pin 'u_nic/d_out[46]' has no loads. (LINT-2)
Warning: In design 'cardinal_node', net 'SYNOPSYS_UNCONNECTED_18' driven by pin 'u_nic/d_out[47]' has no loads. (LINT-2)
Warning: In design 'cardinal_node', net 'SYNOPSYS_UNCONNECTED_17' driven by pin 'u_nic/d_out[48]' has no loads. (LINT-2)
Warning: In design 'cardinal_node', net 'SYNOPSYS_UNCONNECTED_16' driven by pin 'u_nic/d_out[49]' has no loads. (LINT-2)
Warning: In design 'cardinal_node', net 'SYNOPSYS_UNCONNECTED_15' driven by pin 'u_nic/d_out[50]' has no loads. (LINT-2)
Warning: In design 'cardinal_node', net 'SYNOPSYS_UNCONNECTED_14' driven by pin 'u_nic/d_out[51]' has no loads. (LINT-2)
Warning: In design 'cardinal_node', net 'SYNOPSYS_UNCONNECTED_13' driven by pin 'u_nic/d_out[52]' has no loads. (LINT-2)
Warning: In design 'cardinal_node', net 'SYNOPSYS_UNCONNECTED_12' driven by pin 'u_nic/d_out[53]' has no loads. (LINT-2)
Warning: In design 'cardinal_node', net 'SYNOPSYS_UNCONNECTED_11' driven by pin 'u_nic/d_out[54]' has no loads. (LINT-2)
Warning: In design 'cardinal_node', net 'SYNOPSYS_UNCONNECTED_10' driven by pin 'u_nic/d_out[55]' has no loads. (LINT-2)
Warning: In design 'cardinal_node', net 'SYNOPSYS_UNCONNECTED_9' driven by pin 'u_nic/d_out[56]' has no loads. (LINT-2)
Warning: In design 'cardinal_node', net 'SYNOPSYS_UNCONNECTED_8' driven by pin 'u_nic/d_out[57]' has no loads. (LINT-2)
Warning: In design 'cardinal_node', net 'SYNOPSYS_UNCONNECTED_7' driven by pin 'u_nic/d_out[58]' has no loads. (LINT-2)
Warning: In design 'cardinal_node', net 'SYNOPSYS_UNCONNECTED_6' driven by pin 'u_nic/d_out[59]' has no loads. (LINT-2)
Warning: In design 'cardinal_node', net 'SYNOPSYS_UNCONNECTED_5' driven by pin 'u_nic/d_out[60]' has no loads. (LINT-2)
Warning: In design 'cardinal_node', net 'SYNOPSYS_UNCONNECTED_4' driven by pin 'u_nic/d_out[61]' has no loads. (LINT-2)
Warning: In design 'cardinal_node', net 'SYNOPSYS_UNCONNECTED_3' driven by pin 'u_nic/d_out[62]' has no loads. (LINT-2)
Warning: In design 'cardinal_node', net 'SYNOPSYS_UNCONNECTED_2' driven by pin 'u_nic/d_out[63]' has no loads. (LINT-2)
Warning: In design 'cardinal_node', net 'SYNOPSYS_UNCONNECTED_1' driven by pin 'u_imem/dataOut[21]' has no loads. (LINT-2)
Warning: In design 'cardinal_node', net 'u_cpu/SYNOPSYS_UNCONNECTED_122' driven by pin 'u_cpu/EX_MEM_unit/addr_out[23]' has no loads. (LINT-2)
Warning: In design 'cardinal_node', net 'u_cpu/SYNOPSYS_UNCONNECTED_121' driven by pin 'u_cpu/EX_MEM_unit/addr_out[22]' has no loads. (LINT-2)
Warning: In design 'cardinal_node', net 'u_cpu/SYNOPSYS_UNCONNECTED_120' driven by pin 'u_cpu/EX_MEM_unit/addr_out[21]' has no loads. (LINT-2)
Warning: In design 'cardinal_node', net 'u_cpu/SYNOPSYS_UNCONNECTED_119' driven by pin 'u_cpu/EX_MEM_unit/addr_out[20]' has no loads. (LINT-2)
Warning: In design 'cardinal_node', net 'u_cpu/SYNOPSYS_UNCONNECTED_118' driven by pin 'u_cpu/EX_MEM_unit/addr_out[19]' has no loads. (LINT-2)
Warning: In design 'cardinal_node', net 'u_cpu/SYNOPSYS_UNCONNECTED_117' driven by pin 'u_cpu/EX_MEM_unit/addr_out[18]' has no loads. (LINT-2)
Warning: In design 'cardinal_node', net 'u_cpu/SYNOPSYS_UNCONNECTED_116' driven by pin 'u_cpu/EX_MEM_unit/addr_out[17]' has no loads. (LINT-2)
Warning: In design 'cardinal_node', net 'u_cpu/SYNOPSYS_UNCONNECTED_115' driven by pin 'u_cpu/EX_MEM_unit/addr_out[16]' has no loads. (LINT-2)
Warning: In design 'cardinal_node', net 'u_cpu/SYNOPSYS_UNCONNECTED_114' driven by pin 'u_cpu/EX_MEM_unit/addr_out[15]' has no loads. (LINT-2)
Warning: In design 'cardinal_node', net 'u_cpu/SYNOPSYS_UNCONNECTED_113' driven by pin 'u_cpu/EX_MEM_unit/addr_out[14]' has no loads. (LINT-2)
Warning: In design 'cardinal_node', net 'u_cpu/SYNOPSYS_UNCONNECTED_112' driven by pin 'u_cpu/EX_MEM_unit/addr_out[13]' has no loads. (LINT-2)
Warning: In design 'cardinal_node', net 'u_cpu/SYNOPSYS_UNCONNECTED_111' driven by pin 'u_cpu/EX_MEM_unit/addr_out[12]' has no loads. (LINT-2)
Warning: In design 'cardinal_node', net 'u_cpu/SYNOPSYS_UNCONNECTED_110' driven by pin 'u_cpu/EX_MEM_unit/addr_out[11]' has no loads. (LINT-2)
Warning: In design 'cardinal_node', net 'u_cpu/SYNOPSYS_UNCONNECTED_109' driven by pin 'u_cpu/EX_MEM_unit/addr_out[10]' has no loads. (LINT-2)
Warning: In design 'cardinal_node', net 'u_cpu/SYNOPSYS_UNCONNECTED_108' driven by pin 'u_cpu/EX_MEM_unit/addr_out[9]' has no loads. (LINT-2)
Warning: In design 'cardinal_node', net 'u_cpu/SYNOPSYS_UNCONNECTED_107' driven by pin 'u_cpu/EX_MEM_unit/addr_out[8]' has no loads. (LINT-2)
Warning: In design 'cardinal_node', net 'u_cpu/SYNOPSYS_UNCONNECTED_106' driven by pin 'u_cpu/EX_MEM_unit/addr_out[7]' has no loads. (LINT-2)
Warning: In design 'cardinal_node', net 'u_cpu/SYNOPSYS_UNCONNECTED_105' driven by pin 'u_cpu/EX_MEM_unit/addr_out[6]' has no loads. (LINT-2)
Warning: In design 'cardinal_node', net 'u_cpu/SYNOPSYS_UNCONNECTED_104' driven by pin 'u_cpu/EX_MEM_unit/addr_out[5]' has no loads. (LINT-2)
Warning: In design 'cardinal_node', net 'u_cpu/SYNOPSYS_UNCONNECTED_103' driven by pin 'u_cpu/EX_MEM_unit/addr_out[4]' has no loads. (LINT-2)
Warning: In design 'cardinal_node', net 'u_cpu/SYNOPSYS_UNCONNECTED_102' driven by pin 'u_cpu/EX_MEM_unit/addr_out[3]' has no loads. (LINT-2)
Warning: In design 'cardinal_node', net 'u_cpu/SYNOPSYS_UNCONNECTED_101' driven by pin 'u_cpu/EX_MEM_unit/addr_out[2]' has no loads. (LINT-2)
Warning: In design 'cardinal_node', net 'u_cpu/SYNOPSYS_UNCONNECTED_100' driven by pin 'u_cpu/EX_MEM_unit/addr_out[1]' has no loads. (LINT-2)
Warning: In design 'cardinal_node', net 'u_cpu/SYNOPSYS_UNCONNECTED_99' driven by pin 'u_cpu/EX_MEM_unit/addr_out[0]' has no loads. (LINT-2)
Warning: In design 'cardinal_node', net 'u_cpu/SYNOPSYS_UNCONNECTED_98' driven by pin 'u_cpu/ID_unit/branch_target[31]' has no loads. (LINT-2)
Warning: In design 'cardinal_node', net 'u_cpu/SYNOPSYS_UNCONNECTED_97' driven by pin 'u_cpu/ID_unit/branch_target[30]' has no loads. (LINT-2)
Warning: In design 'cardinal_node', net 'u_cpu/SYNOPSYS_UNCONNECTED_96' driven by pin 'u_cpu/ID_unit/branch_target[21]' has no loads. (LINT-2)
Warning: In design 'cardinal_node', net 'u_cpu/SYNOPSYS_UNCONNECTED_95' driven by pin 'u_cpu/ID_unit/branch_target[20]' has no loads. (LINT-2)
Warning: In design 'cardinal_node', net 'u_cpu/SYNOPSYS_UNCONNECTED_94' driven by pin 'u_cpu/ID_unit/branch_target[19]' has no loads. (LINT-2)
Warning: In design 'cardinal_node', net 'u_cpu/SYNOPSYS_UNCONNECTED_93' driven by pin 'u_cpu/ID_unit/branch_target[18]' has no loads. (LINT-2)
Warning: In design 'cardinal_node', net 'u_cpu/SYNOPSYS_UNCONNECTED_92' driven by pin 'u_cpu/ID_unit/branch_target[17]' has no loads. (LINT-2)
Warning: In design 'cardinal_node', net 'u_cpu/SYNOPSYS_UNCONNECTED_91' driven by pin 'u_cpu/ID_unit/branch_target[16]' has no loads. (LINT-2)
Warning: In design 'cardinal_node', net 'u_cpu/SYNOPSYS_UNCONNECTED_90' driven by pin 'u_cpu/ID_unit/branch_target[15]' has no loads. (LINT-2)
Warning: In design 'cardinal_node', net 'u_cpu/SYNOPSYS_UNCONNECTED_89' driven by pin 'u_cpu/ID_unit/branch_target[14]' has no loads. (LINT-2)
Warning: In design 'cardinal_node', net 'u_cpu/SYNOPSYS_UNCONNECTED_88' driven by pin 'u_cpu/ID_unit/branch_target[13]' has no loads. (LINT-2)
Warning: In design 'cardinal_node', net 'u_cpu/SYNOPSYS_UNCONNECTED_87' driven by pin 'u_cpu/ID_unit/branch_target[12]' has no loads. (LINT-2)
Warning: In design 'cardinal_node', net 'u_cpu/SYNOPSYS_UNCONNECTED_86' driven by pin 'u_cpu/ID_unit/branch_target[11]' has no loads. (LINT-2)
Warning: In design 'cardinal_node', net 'u_cpu/SYNOPSYS_UNCONNECTED_85' driven by pin 'u_cpu/ID_unit/branch_target[10]' has no loads. (LINT-2)
Warning: In design 'cardinal_node', net 'u_cpu/SYNOPSYS_UNCONNECTED_84' driven by pin 'u_cpu/ID_unit/branch_target[9]' has no loads. (LINT-2)
Warning: In design 'cardinal_node', net 'u_cpu/SYNOPSYS_UNCONNECTED_83' driven by pin 'u_cpu/ID_unit/branch_target[8]' has no loads. (LINT-2)
Warning: In design 'cardinal_node', net 'u_cpu/SYNOPSYS_UNCONNECTED_82' driven by pin 'u_cpu/ID_unit/branch_target[7]' has no loads. (LINT-2)
Warning: In design 'cardinal_node', net 'u_cpu/SYNOPSYS_UNCONNECTED_81' driven by pin 'u_cpu/ID_unit/branch_target[6]' has no loads. (LINT-2)
Warning: In design 'cardinal_node', net 'u_cpu/SYNOPSYS_UNCONNECTED_80' driven by pin 'u_cpu/ID_unit/branch_target[5]' has no loads. (LINT-2)
Warning: In design 'cardinal_node', net 'u_cpu/SYNOPSYS_UNCONNECTED_79' driven by pin 'u_cpu/ID_unit/branch_target[4]' has no loads. (LINT-2)
Warning: In design 'cardinal_node', net 'u_cpu/SYNOPSYS_UNCONNECTED_78' driven by pin 'u_cpu/ID_unit/branch_target[3]' has no loads. (LINT-2)
Warning: In design 'cardinal_node', net 'u_cpu/SYNOPSYS_UNCONNECTED_77' driven by pin 'u_cpu/ID_unit/branch_target[2]' has no loads. (LINT-2)
Warning: In design 'cardinal_node', net 'u_cpu/SYNOPSYS_UNCONNECTED_76' driven by pin 'u_cpu/ID_unit/branch_target[1]' has no loads. (LINT-2)
Warning: In design 'cardinal_node', net 'u_cpu/SYNOPSYS_UNCONNECTED_75' driven by pin 'u_cpu/ID_unit/branch_target[0]' has no loads. (LINT-2)
Warning: In design 'cardinal_node', net 'u_cpu/SYNOPSYS_UNCONNECTED_74' driven by pin 'u_cpu/ID_unit/rf_rdB_addr[4]' has no loads. (LINT-2)
Warning: In design 'cardinal_node', net 'u_cpu/SYNOPSYS_UNCONNECTED_73' driven by pin 'u_cpu/ID_unit/rf_rdB_addr[3]' has no loads. (LINT-2)
Warning: In design 'cardinal_node', net 'u_cpu/SYNOPSYS_UNCONNECTED_72' driven by pin 'u_cpu/ID_unit/rf_rdB_addr[2]' has no loads. (LINT-2)
Warning: In design 'cardinal_node', net 'u_cpu/SYNOPSYS_UNCONNECTED_71' driven by pin 'u_cpu/ID_unit/rf_rdB_addr[1]' has no loads. (LINT-2)
Warning: In design 'cardinal_node', net 'u_cpu/SYNOPSYS_UNCONNECTED_70' driven by pin 'u_cpu/ID_unit/rf_rdB_addr[0]' has no loads. (LINT-2)
Warning: In design 'cardinal_node', net 'u_cpu/SYNOPSYS_UNCONNECTED_69' driven by pin 'u_cpu/ID_unit/imm[15]' has no loads. (LINT-2)
Warning: In design 'cardinal_node', net 'u_cpu/SYNOPSYS_UNCONNECTED_68' driven by pin 'u_cpu/ID_unit/imm[14]' has no loads. (LINT-2)
Warning: In design 'cardinal_node', net 'u_cpu/SYNOPSYS_UNCONNECTED_67' driven by pin 'u_cpu/ID_unit/imm[13]' has no loads. (LINT-2)
Warning: In design 'cardinal_node', net 'u_cpu/SYNOPSYS_UNCONNECTED_66' driven by pin 'u_cpu/ID_unit/imm[12]' has no loads. (LINT-2)
Warning: In design 'cardinal_node', net 'u_cpu/SYNOPSYS_UNCONNECTED_65' driven by pin 'u_cpu/ID_unit/imm[11]' has no loads. (LINT-2)
Warning: In design 'cardinal_node', net 'u_cpu/SYNOPSYS_UNCONNECTED_64' driven by pin 'u_cpu/ID_unit/imm[10]' has no loads. (LINT-2)
Warning: In design 'cardinal_node', net 'u_cpu/SYNOPSYS_UNCONNECTED_63' driven by pin 'u_cpu/ID_unit/imm[9]' has no loads. (LINT-2)
Warning: In design 'cardinal_node', net 'u_cpu/SYNOPSYS_UNCONNECTED_62' driven by pin 'u_cpu/ID_unit/imm[8]' has no loads. (LINT-2)
Warning: In design 'cardinal_node', net 'u_cpu/SYNOPSYS_UNCONNECTED_61' driven by pin 'u_cpu/ID_unit/imm[7]' has no loads. (LINT-2)
Warning: In design 'cardinal_node', net 'u_cpu/SYNOPSYS_UNCONNECTED_60' driven by pin 'u_cpu/ID_unit/imm[6]' has no loads. (LINT-2)
Warning: In design 'cardinal_node', net 'u_cpu/SYNOPSYS_UNCONNECTED_59' driven by pin 'u_cpu/ID_unit/imm[5]' has no loads. (LINT-2)
Warning: In design 'cardinal_node', net 'u_cpu/SYNOPSYS_UNCONNECTED_58' driven by pin 'u_cpu/ID_unit/imm[4]' has no loads. (LINT-2)
Warning: In design 'cardinal_node', net 'u_cpu/SYNOPSYS_UNCONNECTED_57' driven by pin 'u_cpu/ID_unit/imm[3]' has no loads. (LINT-2)
Warning: In design 'cardinal_node', net 'u_cpu/SYNOPSYS_UNCONNECTED_56' driven by pin 'u_cpu/ID_unit/imm[2]' has no loads. (LINT-2)
Warning: In design 'cardinal_node', net 'u_cpu/SYNOPSYS_UNCONNECTED_55' driven by pin 'u_cpu/ID_unit/imm[1]' has no loads. (LINT-2)
Warning: In design 'cardinal_node', net 'u_cpu/SYNOPSYS_UNCONNECTED_54' driven by pin 'u_cpu/ID_unit/imm[0]' has no loads. (LINT-2)
Warning: In design 'cardinal_node', net 'u_cpu/SYNOPSYS_UNCONNECTED_53' driven by pin 'u_cpu/ID_unit/func[5]' has no loads. (LINT-2)
Warning: In design 'cardinal_node', net 'u_cpu/SYNOPSYS_UNCONNECTED_52' driven by pin 'u_cpu/ID_unit/func[4]' has no loads. (LINT-2)
Warning: In design 'cardinal_node', net 'u_cpu/SYNOPSYS_UNCONNECTED_51' driven by pin 'u_cpu/ID_unit/func[3]' has no loads. (LINT-2)
Warning: In design 'cardinal_node', net 'u_cpu/SYNOPSYS_UNCONNECTED_50' driven by pin 'u_cpu/ID_unit/func[2]' has no loads. (LINT-2)
Warning: In design 'cardinal_node', net 'u_cpu/SYNOPSYS_UNCONNECTED_49' driven by pin 'u_cpu/ID_unit/func[1]' has no loads. (LINT-2)
Warning: In design 'cardinal_node', net 'u_cpu/SYNOPSYS_UNCONNECTED_48' driven by pin 'u_cpu/ID_unit/func[0]' has no loads. (LINT-2)
Warning: In design 'cardinal_node', net 'u_cpu/SYNOPSYS_UNCONNECTED_47' driven by pin 'u_cpu/ID_unit/ww[1]' has no loads. (LINT-2)
Warning: In design 'cardinal_node', net 'u_cpu/SYNOPSYS_UNCONNECTED_46' driven by pin 'u_cpu/ID_unit/ww[0]' has no loads. (LINT-2)
Warning: In design 'cardinal_node', net 'u_cpu/SYNOPSYS_UNCONNECTED_45' driven by pin 'u_cpu/ID_unit/rB[4]' has no loads. (LINT-2)
Warning: In design 'cardinal_node', net 'u_cpu/SYNOPSYS_UNCONNECTED_44' driven by pin 'u_cpu/ID_unit/rB[3]' has no loads. (LINT-2)
Warning: In design 'cardinal_node', net 'u_cpu/SYNOPSYS_UNCONNECTED_43' driven by pin 'u_cpu/ID_unit/rB[2]' has no loads. (LINT-2)
Warning: In design 'cardinal_node', net 'u_cpu/SYNOPSYS_UNCONNECTED_42' driven by pin 'u_cpu/ID_unit/rB[1]' has no loads. (LINT-2)
Warning: In design 'cardinal_node', net 'u_cpu/SYNOPSYS_UNCONNECTED_41' driven by pin 'u_cpu/ID_unit/rB[0]' has no loads. (LINT-2)
Warning: In design 'cardinal_node', net 'u_cpu/SYNOPSYS_UNCONNECTED_40' driven by pin 'u_cpu/ID_unit/rA[4]' has no loads. (LINT-2)
Warning: In design 'cardinal_node', net 'u_cpu/SYNOPSYS_UNCONNECTED_39' driven by pin 'u_cpu/ID_unit/rA[3]' has no loads. (LINT-2)
Warning: In design 'cardinal_node', net 'u_cpu/SYNOPSYS_UNCONNECTED_38' driven by pin 'u_cpu/ID_unit/rA[2]' has no loads. (LINT-2)
Warning: In design 'cardinal_node', net 'u_cpu/SYNOPSYS_UNCONNECTED_37' driven by pin 'u_cpu/ID_unit/rA[1]' has no loads. (LINT-2)
Warning: In design 'cardinal_node', net 'u_cpu/SYNOPSYS_UNCONNECTED_36' driven by pin 'u_cpu/ID_unit/rA[0]' has no loads. (LINT-2)
Warning: In design 'cardinal_node', net 'u_cpu/SYNOPSYS_UNCONNECTED_35' driven by pin 'u_cpu/ID_unit/rD[4]' has no loads. (LINT-2)
Warning: In design 'cardinal_node', net 'u_cpu/SYNOPSYS_UNCONNECTED_34' driven by pin 'u_cpu/ID_unit/rD[3]' has no loads. (LINT-2)
Warning: In design 'cardinal_node', net 'u_cpu/SYNOPSYS_UNCONNECTED_33' driven by pin 'u_cpu/ID_unit/rD[2]' has no loads. (LINT-2)
Warning: In design 'cardinal_node', net 'u_cpu/SYNOPSYS_UNCONNECTED_32' driven by pin 'u_cpu/ID_unit/rD[1]' has no loads. (LINT-2)
Warning: In design 'cardinal_node', net 'u_cpu/SYNOPSYS_UNCONNECTED_31' driven by pin 'u_cpu/ID_unit/rD[0]' has no loads. (LINT-2)
Warning: In design 'cardinal_node', net 'u_cpu/SYNOPSYS_UNCONNECTED_30' driven by pin 'u_cpu/ID_unit/opcode[5]' has no loads. (LINT-2)
Warning: In design 'cardinal_node', net 'u_cpu/SYNOPSYS_UNCONNECTED_29' driven by pin 'u_cpu/ID_unit/opcode[4]' has no loads. (LINT-2)
Warning: In design 'cardinal_node', net 'u_cpu/SYNOPSYS_UNCONNECTED_28' driven by pin 'u_cpu/ID_unit/opcode[3]' has no loads. (LINT-2)
Warning: In design 'cardinal_node', net 'u_cpu/SYNOPSYS_UNCONNECTED_27' driven by pin 'u_cpu/ID_unit/opcode[2]' has no loads. (LINT-2)
Warning: In design 'cardinal_node', net 'u_cpu/SYNOPSYS_UNCONNECTED_26' driven by pin 'u_cpu/ID_unit/opcode[1]' has no loads. (LINT-2)
Warning: In design 'cardinal_node', net 'u_cpu/SYNOPSYS_UNCONNECTED_25' driven by pin 'u_cpu/ID_unit/opcode[0]' has no loads. (LINT-2)
Warning: In design 'cardinal_node', net 'u_cpu/SYNOPSYS_UNCONNECTED_24' driven by pin 'u_cpu/IF_unit/PC[0]' has no loads. (LINT-2)
Warning: In design 'cardinal_node', net 'u_cpu/SYNOPSYS_UNCONNECTED_23' driven by pin 'u_cpu/IF_unit/PC[1]' has no loads. (LINT-2)
Warning: In design 'cardinal_node', net 'u_cpu/SYNOPSYS_UNCONNECTED_22' driven by pin 'u_cpu/IF_unit/PC[10]' has no loads. (LINT-2)
Warning: In design 'cardinal_node', net 'u_cpu/SYNOPSYS_UNCONNECTED_21' driven by pin 'u_cpu/IF_unit/PC[11]' has no loads. (LINT-2)
Warning: In design 'cardinal_node', net 'u_cpu/SYNOPSYS_UNCONNECTED_20' driven by pin 'u_cpu/IF_unit/PC[12]' has no loads. (LINT-2)
Warning: In design 'cardinal_node', net 'u_cpu/SYNOPSYS_UNCONNECTED_19' driven by pin 'u_cpu/IF_unit/PC[13]' has no loads. (LINT-2)
Warning: In design 'cardinal_node', net 'u_cpu/SYNOPSYS_UNCONNECTED_18' driven by pin 'u_cpu/IF_unit/PC[14]' has no loads. (LINT-2)
Warning: In design 'cardinal_node', net 'u_cpu/SYNOPSYS_UNCONNECTED_17' driven by pin 'u_cpu/IF_unit/PC[15]' has no loads. (LINT-2)
Warning: In design 'cardinal_node', net 'u_cpu/SYNOPSYS_UNCONNECTED_16' driven by pin 'u_cpu/IF_unit/PC[16]' has no loads. (LINT-2)
Warning: In design 'cardinal_node', net 'u_cpu/SYNOPSYS_UNCONNECTED_15' driven by pin 'u_cpu/IF_unit/PC[17]' has no loads. (LINT-2)
Warning: In design 'cardinal_node', net 'u_cpu/SYNOPSYS_UNCONNECTED_14' driven by pin 'u_cpu/IF_unit/PC[18]' has no loads. (LINT-2)
Warning: In design 'cardinal_node', net 'u_cpu/SYNOPSYS_UNCONNECTED_13' driven by pin 'u_cpu/IF_unit/PC[19]' has no loads. (LINT-2)
Warning: In design 'cardinal_node', net 'u_cpu/SYNOPSYS_UNCONNECTED_12' driven by pin 'u_cpu/IF_unit/PC[20]' has no loads. (LINT-2)
Warning: In design 'cardinal_node', net 'u_cpu/SYNOPSYS_UNCONNECTED_11' driven by pin 'u_cpu/IF_unit/PC[21]' has no loads. (LINT-2)
Warning: In design 'cardinal_node', net 'u_cpu/SYNOPSYS_UNCONNECTED_10' driven by pin 'u_cpu/IF_unit/PC[22]' has no loads. (LINT-2)
Warning: In design 'cardinal_node', net 'u_cpu/SYNOPSYS_UNCONNECTED_9' driven by pin 'u_cpu/IF_unit/PC[23]' has no loads. (LINT-2)
Warning: In design 'cardinal_node', net 'u_cpu/SYNOPSYS_UNCONNECTED_8' driven by pin 'u_cpu/IF_unit/PC[24]' has no loads. (LINT-2)
Warning: In design 'cardinal_node', net 'u_cpu/SYNOPSYS_UNCONNECTED_7' driven by pin 'u_cpu/IF_unit/PC[25]' has no loads. (LINT-2)
Warning: In design 'cardinal_node', net 'u_cpu/SYNOPSYS_UNCONNECTED_6' driven by pin 'u_cpu/IF_unit/PC[26]' has no loads. (LINT-2)
Warning: In design 'cardinal_node', net 'u_cpu/SYNOPSYS_UNCONNECTED_5' driven by pin 'u_cpu/IF_unit/PC[27]' has no loads. (LINT-2)
Warning: In design 'cardinal_node', net 'u_cpu/SYNOPSYS_UNCONNECTED_4' driven by pin 'u_cpu/IF_unit/PC[28]' has no loads. (LINT-2)
Warning: In design 'cardinal_node', net 'u_cpu/SYNOPSYS_UNCONNECTED_3' driven by pin 'u_cpu/IF_unit/PC[29]' has no loads. (LINT-2)
Warning: In design 'cardinal_node', net 'u_cpu/SYNOPSYS_UNCONNECTED_2' driven by pin 'u_cpu/IF_unit/PC[30]' has no loads. (LINT-2)
Warning: In design 'cardinal_node', net 'u_cpu/SYNOPSYS_UNCONNECTED_1' driven by pin 'u_cpu/IF_unit/PC[31]' has no loads. (LINT-2)
Warning: In design 'cardinal_nic', port 'd_out[63]' is not connected to any nets. (LINT-28)
Warning: In design 'cardinal_nic', port 'd_out[62]' is not connected to any nets. (LINT-28)
Warning: In design 'cardinal_nic', port 'd_out[61]' is not connected to any nets. (LINT-28)
Warning: In design 'cardinal_nic', port 'd_out[60]' is not connected to any nets. (LINT-28)
Warning: In design 'cardinal_nic', port 'd_out[59]' is not connected to any nets. (LINT-28)
Warning: In design 'cardinal_nic', port 'd_out[58]' is not connected to any nets. (LINT-28)
Warning: In design 'cardinal_nic', port 'd_out[57]' is not connected to any nets. (LINT-28)
Warning: In design 'cardinal_nic', port 'd_out[56]' is not connected to any nets. (LINT-28)
Warning: In design 'cardinal_nic', port 'd_out[55]' is not connected to any nets. (LINT-28)
Warning: In design 'cardinal_nic', port 'd_out[54]' is not connected to any nets. (LINT-28)
Warning: In design 'cardinal_nic', port 'd_out[53]' is not connected to any nets. (LINT-28)
Warning: In design 'cardinal_nic', port 'd_out[52]' is not connected to any nets. (LINT-28)
Warning: In design 'cardinal_nic', port 'd_out[51]' is not connected to any nets. (LINT-28)
Warning: In design 'cardinal_nic', port 'd_out[50]' is not connected to any nets. (LINT-28)
Warning: In design 'cardinal_nic', port 'd_out[49]' is not connected to any nets. (LINT-28)
Warning: In design 'cardinal_nic', port 'd_out[48]' is not connected to any nets. (LINT-28)
Warning: In design 'cardinal_nic', port 'd_out[47]' is not connected to any nets. (LINT-28)
Warning: In design 'cardinal_nic', port 'd_out[46]' is not connected to any nets. (LINT-28)
Warning: In design 'cardinal_nic', port 'd_out[45]' is not connected to any nets. (LINT-28)
Warning: In design 'cardinal_nic', port 'd_out[44]' is not connected to any nets. (LINT-28)
Warning: In design 'cardinal_nic', port 'd_out[43]' is not connected to any nets. (LINT-28)
Warning: In design 'cardinal_nic', port 'd_out[42]' is not connected to any nets. (LINT-28)
Warning: In design 'cardinal_nic', port 'd_out[41]' is not connected to any nets. (LINT-28)
Warning: In design 'cardinal_nic', port 'd_out[40]' is not connected to any nets. (LINT-28)
Warning: In design 'cardinal_nic', port 'd_out[39]' is not connected to any nets. (LINT-28)
Warning: In design 'cardinal_nic', port 'd_out[38]' is not connected to any nets. (LINT-28)
Warning: In design 'cardinal_nic', port 'd_out[37]' is not connected to any nets. (LINT-28)
Warning: In design 'cardinal_nic', port 'd_out[36]' is not connected to any nets. (LINT-28)
Warning: In design 'cardinal_nic', port 'd_out[35]' is not connected to any nets. (LINT-28)
Warning: In design 'cardinal_nic', port 'd_out[34]' is not connected to any nets. (LINT-28)
Warning: In design 'cardinal_nic', port 'd_out[33]' is not connected to any nets. (LINT-28)
Warning: In design 'cardinal_nic', port 'd_out[32]' is not connected to any nets. (LINT-28)
Warning: In design 'cardinal_nic', port 'd_out[31]' is not connected to any nets. (LINT-28)
Warning: In design 'cardinal_nic', port 'd_out[30]' is not connected to any nets. (LINT-28)
Warning: In design 'cardinal_nic', port 'd_out[29]' is not connected to any nets. (LINT-28)
Warning: In design 'cardinal_nic', port 'd_out[28]' is not connected to any nets. (LINT-28)
Warning: In design 'cardinal_nic', port 'd_out[27]' is not connected to any nets. (LINT-28)
Warning: In design 'cardinal_nic', port 'd_out[26]' is not connected to any nets. (LINT-28)
Warning: In design 'cardinal_nic', port 'd_out[25]' is not connected to any nets. (LINT-28)
Warning: In design 'cardinal_nic', port 'd_out[24]' is not connected to any nets. (LINT-28)
Warning: In design 'cardinal_nic', port 'd_out[23]' is not connected to any nets. (LINT-28)
Warning: In design 'cardinal_nic', port 'd_out[22]' is not connected to any nets. (LINT-28)
Warning: In design 'cardinal_nic', port 'd_out[21]' is not connected to any nets. (LINT-28)
Warning: In design 'cardinal_nic', port 'd_out[20]' is not connected to any nets. (LINT-28)
Warning: In design 'cardinal_nic', port 'd_out[19]' is not connected to any nets. (LINT-28)
Warning: In design 'cardinal_nic', port 'd_out[18]' is not connected to any nets. (LINT-28)
Warning: In design 'cardinal_nic', port 'd_out[17]' is not connected to any nets. (LINT-28)
Warning: In design 'cardinal_nic', port 'd_out[16]' is not connected to any nets. (LINT-28)
Warning: In design 'cardinal_nic', port 'd_out[15]' is not connected to any nets. (LINT-28)
Warning: In design 'cardinal_nic', port 'd_out[14]' is not connected to any nets. (LINT-28)
Warning: In design 'cardinal_nic', port 'd_out[13]' is not connected to any nets. (LINT-28)
Warning: In design 'cardinal_nic', port 'd_out[12]' is not connected to any nets. (LINT-28)
Warning: In design 'cardinal_nic', port 'd_out[11]' is not connected to any nets. (LINT-28)
Warning: In design 'cardinal_nic', port 'd_out[10]' is not connected to any nets. (LINT-28)
Warning: In design 'cardinal_nic', port 'd_out[9]' is not connected to any nets. (LINT-28)
Warning: In design 'cardinal_nic', port 'd_out[8]' is not connected to any nets. (LINT-28)
Warning: In design 'cardinal_nic', port 'd_out[7]' is not connected to any nets. (LINT-28)
Warning: In design 'cardinal_nic', port 'd_out[6]' is not connected to any nets. (LINT-28)
Warning: In design 'cardinal_nic', port 'd_out[5]' is not connected to any nets. (LINT-28)
Warning: In design 'cardinal_nic', port 'd_out[4]' is not connected to any nets. (LINT-28)
Warning: In design 'cardinal_nic', port 'd_out[3]' is not connected to any nets. (LINT-28)
Warning: In design 'cardinal_nic', port 'd_out[2]' is not connected to any nets. (LINT-28)
Warning: In design 'cardinal_nic', port 'd_out[1]' is not connected to any nets. (LINT-28)
Warning: In design 'cardinal_nic', port 'd_out[0]' is not connected to any nets. (LINT-28)
Warning: In design 'cardinal_cpu', port 'inst_in[21]' is not connected to any nets. (LINT-28)
Warning: In design 'cardinal_cpu', port 'pc_out[0]' is not connected to any nets. (LINT-28)
Warning: In design 'cardinal_cpu', port 'pc_out[1]' is not connected to any nets. (LINT-28)
Warning: In design 'cardinal_cpu', port 'pc_out[2]' is not connected to any nets. (LINT-28)
Warning: In design 'cardinal_cpu', port 'pc_out[3]' is not connected to any nets. (LINT-28)
Warning: In design 'cardinal_cpu', port 'pc_out[4]' is not connected to any nets. (LINT-28)
Warning: In design 'cardinal_cpu', port 'pc_out[5]' is not connected to any nets. (LINT-28)
Warning: In design 'cardinal_cpu', port 'pc_out[6]' is not connected to any nets. (LINT-28)
Warning: In design 'cardinal_cpu', port 'pc_out[7]' is not connected to any nets. (LINT-28)
Warning: In design 'cardinal_cpu', port 'pc_out[8]' is not connected to any nets. (LINT-28)
Warning: In design 'cardinal_cpu', port 'pc_out[9]' is not connected to any nets. (LINT-28)
Warning: In design 'cardinal_cpu', port 'pc_out[10]' is not connected to any nets. (LINT-28)
Warning: In design 'cardinal_cpu', port 'pc_out[11]' is not connected to any nets. (LINT-28)
Warning: In design 'cardinal_cpu', port 'pc_out[12]' is not connected to any nets. (LINT-28)
Warning: In design 'cardinal_cpu', port 'pc_out[13]' is not connected to any nets. (LINT-28)
Warning: In design 'cardinal_cpu', port 'pc_out[14]' is not connected to any nets. (LINT-28)
Warning: In design 'cardinal_cpu', port 'pc_out[15]' is not connected to any nets. (LINT-28)
Warning: In design 'cardinal_cpu', port 'pc_out[16]' is not connected to any nets. (LINT-28)
Warning: In design 'cardinal_cpu', port 'pc_out[17]' is not connected to any nets. (LINT-28)
Warning: In design 'cardinal_cpu', port 'pc_out[18]' is not connected to any nets. (LINT-28)
Warning: In design 'cardinal_cpu', port 'pc_out[19]' is not connected to any nets. (LINT-28)
Warning: In design 'cardinal_cpu', port 'pc_out[20]' is not connected to any nets. (LINT-28)
Warning: In design 'cardinal_cpu', port 'pc_out[21]' is not connected to any nets. (LINT-28)
Warning: In design 'cardinal_cpu', port 'pc_out[30]' is not connected to any nets. (LINT-28)
Warning: In design 'cardinal_cpu', port 'pc_out[31]' is not connected to any nets. (LINT-28)
Warning: In design 'cardinal_cpu', port 'addr_out[0]' is not connected to any nets. (LINT-28)
Warning: In design 'cardinal_cpu', port 'addr_out[1]' is not connected to any nets. (LINT-28)
Warning: In design 'cardinal_cpu', port 'addr_out[2]' is not connected to any nets. (LINT-28)
Warning: In design 'cardinal_cpu', port 'addr_out[3]' is not connected to any nets. (LINT-28)
Warning: In design 'cardinal_cpu', port 'addr_out[4]' is not connected to any nets. (LINT-28)
Warning: In design 'cardinal_cpu', port 'addr_out[5]' is not connected to any nets. (LINT-28)
Warning: In design 'cardinal_cpu', port 'addr_out[6]' is not connected to any nets. (LINT-28)
Warning: In design 'cardinal_cpu', port 'addr_out[7]' is not connected to any nets. (LINT-28)
Warning: In design 'cardinal_cpu', port 'addr_out[8]' is not connected to any nets. (LINT-28)
Warning: In design 'cardinal_cpu', port 'addr_out[9]' is not connected to any nets. (LINT-28)
Warning: In design 'cardinal_cpu', port 'addr_out[10]' is not connected to any nets. (LINT-28)
Warning: In design 'cardinal_cpu', port 'addr_out[11]' is not connected to any nets. (LINT-28)
Warning: In design 'cardinal_cpu', port 'addr_out[12]' is not connected to any nets. (LINT-28)
Warning: In design 'cardinal_cpu', port 'addr_out[13]' is not connected to any nets. (LINT-28)
Warning: In design 'cardinal_cpu', port 'addr_out[14]' is not connected to any nets. (LINT-28)
Warning: In design 'cardinal_cpu', port 'addr_out[15]' is not connected to any nets. (LINT-28)
Warning: In design 'cardinal_cpu', port 'addr_out[16]' is not connected to any nets. (LINT-28)
Warning: In design 'cardinal_cpu', port 'addr_out[17]' is not connected to any nets. (LINT-28)
Warning: In design 'cardinal_cpu', port 'addr_out[18]' is not connected to any nets. (LINT-28)
Warning: In design 'cardinal_cpu', port 'addr_out[19]' is not connected to any nets. (LINT-28)
Warning: In design 'cardinal_cpu', port 'addr_out[20]' is not connected to any nets. (LINT-28)
Warning: In design 'cardinal_cpu', port 'addr_out[21]' is not connected to any nets. (LINT-28)
Warning: In design 'cardinal_cpu', port 'addr_out[22]' is not connected to any nets. (LINT-28)
Warning: In design 'cardinal_cpu', port 'addr_out[23]' is not connected to any nets. (LINT-28)
Warning: In design 'instruction_fetch', port 'branch_target[31]' is not connected to any nets. (LINT-28)
Warning: In design 'instruction_fetch', port 'branch_target[30]' is not connected to any nets. (LINT-28)
Warning: In design 'instruction_fetch', port 'branch_target[29]' is not connected to any nets. (LINT-28)
Warning: In design 'instruction_fetch', port 'branch_target[28]' is not connected to any nets. (LINT-28)
Warning: In design 'instruction_fetch', port 'branch_target[27]' is not connected to any nets. (LINT-28)
Warning: In design 'instruction_fetch', port 'branch_target[26]' is not connected to any nets. (LINT-28)
Warning: In design 'instruction_fetch', port 'branch_target[25]' is not connected to any nets. (LINT-28)
Warning: In design 'instruction_fetch', port 'branch_target[24]' is not connected to any nets. (LINT-28)
Warning: In design 'instruction_fetch', port 'branch_target[23]' is not connected to any nets. (LINT-28)
Warning: In design 'instruction_fetch', port 'branch_target[22]' is not connected to any nets. (LINT-28)
Warning: In design 'instruction_fetch', port 'branch_target[21]' is not connected to any nets. (LINT-28)
Warning: In design 'instruction_fetch', port 'branch_target[20]' is not connected to any nets. (LINT-28)
Warning: In design 'instruction_fetch', port 'branch_target[19]' is not connected to any nets. (LINT-28)
Warning: In design 'instruction_fetch', port 'branch_target[18]' is not connected to any nets. (LINT-28)
Warning: In design 'instruction_fetch', port 'branch_target[17]' is not connected to any nets. (LINT-28)
Warning: In design 'instruction_fetch', port 'branch_target[16]' is not connected to any nets. (LINT-28)
Warning: In design 'instruction_fetch', port 'branch_target[15]' is not connected to any nets. (LINT-28)
Warning: In design 'instruction_fetch', port 'branch_target[14]' is not connected to any nets. (LINT-28)
Warning: In design 'instruction_fetch', port 'branch_target[13]' is not connected to any nets. (LINT-28)
Warning: In design 'instruction_fetch', port 'branch_target[12]' is not connected to any nets. (LINT-28)
Warning: In design 'instruction_fetch', port 'branch_target[11]' is not connected to any nets. (LINT-28)
Warning: In design 'instruction_fetch', port 'branch_target[10]' is not connected to any nets. (LINT-28)
Warning: In design 'instruction_fetch', port 'branch_target[1]' is not connected to any nets. (LINT-28)
Warning: In design 'instruction_fetch', port 'branch_target[0]' is not connected to any nets. (LINT-28)
Warning: In design 'instruction_fetch', port 'PC[31]' is not connected to any nets. (LINT-28)
Warning: In design 'instruction_fetch', port 'PC[30]' is not connected to any nets. (LINT-28)
Warning: In design 'instruction_fetch', port 'PC[29]' is not connected to any nets. (LINT-28)
Warning: In design 'instruction_fetch', port 'PC[28]' is not connected to any nets. (LINT-28)
Warning: In design 'instruction_fetch', port 'PC[27]' is not connected to any nets. (LINT-28)
Warning: In design 'instruction_fetch', port 'PC[26]' is not connected to any nets. (LINT-28)
Warning: In design 'instruction_fetch', port 'PC[25]' is not connected to any nets. (LINT-28)
Warning: In design 'instruction_fetch', port 'PC[24]' is not connected to any nets. (LINT-28)
Warning: In design 'instruction_fetch', port 'PC[23]' is not connected to any nets. (LINT-28)
Warning: In design 'instruction_fetch', port 'PC[22]' is not connected to any nets. (LINT-28)
Warning: In design 'instruction_fetch', port 'PC[21]' is not connected to any nets. (LINT-28)
Warning: In design 'instruction_fetch', port 'PC[20]' is not connected to any nets. (LINT-28)
Warning: In design 'instruction_fetch', port 'PC[19]' is not connected to any nets. (LINT-28)
Warning: In design 'instruction_fetch', port 'PC[18]' is not connected to any nets. (LINT-28)
Warning: In design 'instruction_fetch', port 'PC[17]' is not connected to any nets. (LINT-28)
Warning: In design 'instruction_fetch', port 'PC[16]' is not connected to any nets. (LINT-28)
Warning: In design 'instruction_fetch', port 'PC[15]' is not connected to any nets. (LINT-28)
Warning: In design 'instruction_fetch', port 'PC[14]' is not connected to any nets. (LINT-28)
Warning: In design 'instruction_fetch', port 'PC[13]' is not connected to any nets. (LINT-28)
Warning: In design 'instruction_fetch', port 'PC[12]' is not connected to any nets. (LINT-28)
Warning: In design 'instruction_fetch', port 'PC[11]' is not connected to any nets. (LINT-28)
Warning: In design 'instruction_fetch', port 'PC[10]' is not connected to any nets. (LINT-28)
Warning: In design 'instruction_fetch', port 'PC[1]' is not connected to any nets. (LINT-28)
Warning: In design 'instruction_fetch', port 'PC[0]' is not connected to any nets. (LINT-28)
Warning: In design 'id_stage', port 'inst[16]' is not connected to any nets. (LINT-28)
Warning: In design 'id_stage', port 'inst[17]' is not connected to any nets. (LINT-28)
Warning: In design 'id_stage', port 'inst[18]' is not connected to any nets. (LINT-28)
Warning: In design 'id_stage', port 'inst[19]' is not connected to any nets. (LINT-28)
Warning: In design 'id_stage', port 'inst[20]' is not connected to any nets. (LINT-28)
Warning: In design 'id_stage', port 'inst[21]' is not connected to any nets. (LINT-28)
Warning: In design 'id_stage', port 'inst[30]' is not connected to any nets. (LINT-28)
Warning: In design 'id_stage', port 'inst[31]' is not connected to any nets. (LINT-28)
Warning: In design 'id_stage', port 'fwd_rB_data[0]' is not connected to any nets. (LINT-28)
Warning: In design 'id_stage', port 'fwd_rB_data[1]' is not connected to any nets. (LINT-28)
Warning: In design 'id_stage', port 'fwd_rB_data[2]' is not connected to any nets. (LINT-28)
Warning: In design 'id_stage', port 'fwd_rB_data[3]' is not connected to any nets. (LINT-28)
Warning: In design 'id_stage', port 'fwd_rB_data[4]' is not connected to any nets. (LINT-28)
Warning: In design 'id_stage', port 'fwd_rB_data[5]' is not connected to any nets. (LINT-28)
Warning: In design 'id_stage', port 'fwd_rB_data[6]' is not connected to any nets. (LINT-28)
Warning: In design 'id_stage', port 'fwd_rB_data[7]' is not connected to any nets. (LINT-28)
Warning: In design 'id_stage', port 'fwd_rB_data[8]' is not connected to any nets. (LINT-28)
Warning: In design 'id_stage', port 'fwd_rB_data[9]' is not connected to any nets. (LINT-28)
Warning: In design 'id_stage', port 'fwd_rB_data[10]' is not connected to any nets. (LINT-28)
Warning: In design 'id_stage', port 'fwd_rB_data[11]' is not connected to any nets. (LINT-28)
Warning: In design 'id_stage', port 'fwd_rB_data[12]' is not connected to any nets. (LINT-28)
Warning: In design 'id_stage', port 'fwd_rB_data[13]' is not connected to any nets. (LINT-28)
Warning: In design 'id_stage', port 'fwd_rB_data[14]' is not connected to any nets. (LINT-28)
Warning: In design 'id_stage', port 'fwd_rB_data[15]' is not connected to any nets. (LINT-28)
Warning: In design 'id_stage', port 'fwd_rB_data[16]' is not connected to any nets. (LINT-28)
Warning: In design 'id_stage', port 'fwd_rB_data[17]' is not connected to any nets. (LINT-28)
Warning: In design 'id_stage', port 'fwd_rB_data[18]' is not connected to any nets. (LINT-28)
Warning: In design 'id_stage', port 'fwd_rB_data[19]' is not connected to any nets. (LINT-28)
Warning: In design 'id_stage', port 'fwd_rB_data[20]' is not connected to any nets. (LINT-28)
Warning: In design 'id_stage', port 'fwd_rB_data[21]' is not connected to any nets. (LINT-28)
Warning: In design 'id_stage', port 'fwd_rB_data[22]' is not connected to any nets. (LINT-28)
Warning: In design 'id_stage', port 'fwd_rB_data[23]' is not connected to any nets. (LINT-28)
Warning: In design 'id_stage', port 'fwd_rB_data[24]' is not connected to any nets. (LINT-28)
Warning: In design 'id_stage', port 'fwd_rB_data[25]' is not connected to any nets. (LINT-28)
Warning: In design 'id_stage', port 'fwd_rB_data[26]' is not connected to any nets. (LINT-28)
Warning: In design 'id_stage', port 'fwd_rB_data[27]' is not connected to any nets. (LINT-28)
Warning: In design 'id_stage', port 'fwd_rB_data[28]' is not connected to any nets. (LINT-28)
Warning: In design 'id_stage', port 'fwd_rB_data[29]' is not connected to any nets. (LINT-28)
Warning: In design 'id_stage', port 'fwd_rB_data[30]' is not connected to any nets. (LINT-28)
Warning: In design 'id_stage', port 'fwd_rB_data[31]' is not connected to any nets. (LINT-28)
Warning: In design 'id_stage', port 'fwd_rB_data[32]' is not connected to any nets. (LINT-28)
Warning: In design 'id_stage', port 'fwd_rB_data[33]' is not connected to any nets. (LINT-28)
Warning: In design 'id_stage', port 'fwd_rB_data[34]' is not connected to any nets. (LINT-28)
Warning: In design 'id_stage', port 'fwd_rB_data[35]' is not connected to any nets. (LINT-28)
Warning: In design 'id_stage', port 'fwd_rB_data[36]' is not connected to any nets. (LINT-28)
Warning: In design 'id_stage', port 'fwd_rB_data[37]' is not connected to any nets. (LINT-28)
Warning: In design 'id_stage', port 'fwd_rB_data[38]' is not connected to any nets. (LINT-28)
Warning: In design 'id_stage', port 'fwd_rB_data[39]' is not connected to any nets. (LINT-28)
Warning: In design 'id_stage', port 'fwd_rB_data[40]' is not connected to any nets. (LINT-28)
Warning: In design 'id_stage', port 'fwd_rB_data[41]' is not connected to any nets. (LINT-28)
Warning: In design 'id_stage', port 'fwd_rB_data[42]' is not connected to any nets. (LINT-28)
Warning: In design 'id_stage', port 'fwd_rB_data[43]' is not connected to any nets. (LINT-28)
Warning: In design 'id_stage', port 'fwd_rB_data[44]' is not connected to any nets. (LINT-28)
Warning: In design 'id_stage', port 'fwd_rB_data[45]' is not connected to any nets. (LINT-28)
Warning: In design 'id_stage', port 'fwd_rB_data[46]' is not connected to any nets. (LINT-28)
Warning: In design 'id_stage', port 'fwd_rB_data[47]' is not connected to any nets. (LINT-28)
Warning: In design 'id_stage', port 'fwd_rB_data[48]' is not connected to any nets. (LINT-28)
Warning: In design 'id_stage', port 'fwd_rB_data[49]' is not connected to any nets. (LINT-28)
Warning: In design 'id_stage', port 'fwd_rB_data[50]' is not connected to any nets. (LINT-28)
Warning: In design 'id_stage', port 'fwd_rB_data[51]' is not connected to any nets. (LINT-28)
Warning: In design 'id_stage', port 'fwd_rB_data[52]' is not connected to any nets. (LINT-28)
Warning: In design 'id_stage', port 'fwd_rB_data[53]' is not connected to any nets. (LINT-28)
Warning: In design 'id_stage', port 'fwd_rB_data[54]' is not connected to any nets. (LINT-28)
Warning: In design 'id_stage', port 'fwd_rB_data[55]' is not connected to any nets. (LINT-28)
Warning: In design 'id_stage', port 'fwd_rB_data[56]' is not connected to any nets. (LINT-28)
Warning: In design 'id_stage', port 'fwd_rB_data[57]' is not connected to any nets. (LINT-28)
Warning: In design 'id_stage', port 'fwd_rB_data[58]' is not connected to any nets. (LINT-28)
Warning: In design 'id_stage', port 'fwd_rB_data[59]' is not connected to any nets. (LINT-28)
Warning: In design 'id_stage', port 'fwd_rB_data[60]' is not connected to any nets. (LINT-28)
Warning: In design 'id_stage', port 'fwd_rB_data[61]' is not connected to any nets. (LINT-28)
Warning: In design 'id_stage', port 'fwd_rB_data[62]' is not connected to any nets. (LINT-28)
Warning: In design 'id_stage', port 'fwd_rB_data[63]' is not connected to any nets. (LINT-28)
Warning: In design 'id_stage', port 'opcode[0]' is not connected to any nets. (LINT-28)
Warning: In design 'id_stage', port 'opcode[1]' is not connected to any nets. (LINT-28)
Warning: In design 'id_stage', port 'opcode[2]' is not connected to any nets. (LINT-28)
Warning: In design 'id_stage', port 'opcode[3]' is not connected to any nets. (LINT-28)
Warning: In design 'id_stage', port 'opcode[4]' is not connected to any nets. (LINT-28)
Warning: In design 'id_stage', port 'opcode[5]' is not connected to any nets. (LINT-28)
Warning: In design 'id_stage', port 'rD[0]' is not connected to any nets. (LINT-28)
Warning: In design 'id_stage', port 'rD[1]' is not connected to any nets. (LINT-28)
Warning: In design 'id_stage', port 'rD[2]' is not connected to any nets. (LINT-28)
Warning: In design 'id_stage', port 'rD[3]' is not connected to any nets. (LINT-28)
Warning: In design 'id_stage', port 'rD[4]' is not connected to any nets. (LINT-28)
Warning: In design 'id_stage', port 'rA[0]' is not connected to any nets. (LINT-28)
Warning: In design 'id_stage', port 'rA[1]' is not connected to any nets. (LINT-28)
Warning: In design 'id_stage', port 'rA[2]' is not connected to any nets. (LINT-28)
Warning: In design 'id_stage', port 'rA[3]' is not connected to any nets. (LINT-28)
Warning: In design 'id_stage', port 'rA[4]' is not connected to any nets. (LINT-28)
Warning: In design 'id_stage', port 'rB[0]' is not connected to any nets. (LINT-28)
Warning: In design 'id_stage', port 'rB[1]' is not connected to any nets. (LINT-28)
Warning: In design 'id_stage', port 'rB[2]' is not connected to any nets. (LINT-28)
Warning: In design 'id_stage', port 'rB[3]' is not connected to any nets. (LINT-28)
Warning: In design 'id_stage', port 'rB[4]' is not connected to any nets. (LINT-28)
Warning: In design 'id_stage', port 'ww[0]' is not connected to any nets. (LINT-28)
Warning: In design 'id_stage', port 'ww[1]' is not connected to any nets. (LINT-28)
Warning: In design 'id_stage', port 'func[0]' is not connected to any nets. (LINT-28)
Warning: In design 'id_stage', port 'func[1]' is not connected to any nets. (LINT-28)
Warning: In design 'id_stage', port 'func[2]' is not connected to any nets. (LINT-28)
Warning: In design 'id_stage', port 'func[3]' is not connected to any nets. (LINT-28)
Warning: In design 'id_stage', port 'func[4]' is not connected to any nets. (LINT-28)
Warning: In design 'id_stage', port 'func[5]' is not connected to any nets. (LINT-28)
Warning: In design 'id_stage', port 'imm[0]' is not connected to any nets. (LINT-28)
Warning: In design 'id_stage', port 'imm[1]' is not connected to any nets. (LINT-28)
Warning: In design 'id_stage', port 'imm[2]' is not connected to any nets. (LINT-28)
Warning: In design 'id_stage', port 'imm[3]' is not connected to any nets. (LINT-28)
Warning: In design 'id_stage', port 'imm[4]' is not connected to any nets. (LINT-28)
Warning: In design 'id_stage', port 'imm[5]' is not connected to any nets. (LINT-28)
Warning: In design 'id_stage', port 'imm[6]' is not connected to any nets. (LINT-28)
Warning: In design 'id_stage', port 'imm[7]' is not connected to any nets. (LINT-28)
Warning: In design 'id_stage', port 'imm[8]' is not connected to any nets. (LINT-28)
Warning: In design 'id_stage', port 'imm[9]' is not connected to any nets. (LINT-28)
Warning: In design 'id_stage', port 'imm[10]' is not connected to any nets. (LINT-28)
Warning: In design 'id_stage', port 'imm[11]' is not connected to any nets. (LINT-28)
Warning: In design 'id_stage', port 'imm[12]' is not connected to any nets. (LINT-28)
Warning: In design 'id_stage', port 'imm[13]' is not connected to any nets. (LINT-28)
Warning: In design 'id_stage', port 'imm[14]' is not connected to any nets. (LINT-28)
Warning: In design 'id_stage', port 'imm[15]' is not connected to any nets. (LINT-28)
Warning: In design 'id_stage', port 'is_store' is not connected to any nets. (LINT-28)
Warning: In design 'id_stage', port 'is_beq' is not connected to any nets. (LINT-28)
Warning: In design 'id_stage', port 'is_bneq' is not connected to any nets. (LINT-28)
Warning: In design 'id_stage', port 'rf_rdB_addr[0]' is not connected to any nets. (LINT-28)
Warning: In design 'id_stage', port 'rf_rdB_addr[1]' is not connected to any nets. (LINT-28)
Warning: In design 'id_stage', port 'rf_rdB_addr[2]' is not connected to any nets. (LINT-28)
Warning: In design 'id_stage', port 'rf_rdB_addr[3]' is not connected to any nets. (LINT-28)
Warning: In design 'id_stage', port 'rf_rdB_addr[4]' is not connected to any nets. (LINT-28)
Warning: In design 'id_stage', port 'branch_target[0]' is not connected to any nets. (LINT-28)
Warning: In design 'id_stage', port 'branch_target[1]' is not connected to any nets. (LINT-28)
Warning: In design 'id_stage', port 'branch_target[2]' is not connected to any nets. (LINT-28)
Warning: In design 'id_stage', port 'branch_target[3]' is not connected to any nets. (LINT-28)
Warning: In design 'id_stage', port 'branch_target[4]' is not connected to any nets. (LINT-28)
Warning: In design 'id_stage', port 'branch_target[5]' is not connected to any nets. (LINT-28)
Warning: In design 'id_stage', port 'branch_target[6]' is not connected to any nets. (LINT-28)
Warning: In design 'id_stage', port 'branch_target[7]' is not connected to any nets. (LINT-28)
Warning: In design 'id_stage', port 'branch_target[8]' is not connected to any nets. (LINT-28)
Warning: In design 'id_stage', port 'branch_target[9]' is not connected to any nets. (LINT-28)
Warning: In design 'id_stage', port 'branch_target[10]' is not connected to any nets. (LINT-28)
Warning: In design 'id_stage', port 'branch_target[11]' is not connected to any nets. (LINT-28)
Warning: In design 'id_stage', port 'branch_target[12]' is not connected to any nets. (LINT-28)
Warning: In design 'id_stage', port 'branch_target[13]' is not connected to any nets. (LINT-28)
Warning: In design 'id_stage', port 'branch_target[14]' is not connected to any nets. (LINT-28)
Warning: In design 'id_stage', port 'branch_target[15]' is not connected to any nets. (LINT-28)
Warning: In design 'id_stage', port 'branch_target[16]' is not connected to any nets. (LINT-28)
Warning: In design 'id_stage', port 'branch_target[17]' is not connected to any nets. (LINT-28)
Warning: In design 'id_stage', port 'branch_target[18]' is not connected to any nets. (LINT-28)
Warning: In design 'id_stage', port 'branch_target[19]' is not connected to any nets. (LINT-28)
Warning: In design 'id_stage', port 'branch_target[20]' is not connected to any nets. (LINT-28)
Warning: In design 'id_stage', port 'branch_target[21]' is not connected to any nets. (LINT-28)
Warning: In design 'id_stage', port 'branch_target[30]' is not connected to any nets. (LINT-28)
Warning: In design 'id_stage', port 'branch_target[31]' is not connected to any nets. (LINT-28)
Warning: In design 'ex_mem_stage', port 'imm_addr[2]' is not connected to any nets. (LINT-28)
Warning: In design 'ex_mem_stage', port 'imm_addr[3]' is not connected to any nets. (LINT-28)
Warning: In design 'ex_mem_stage', port 'imm_addr[4]' is not connected to any nets. (LINT-28)
Warning: In design 'ex_mem_stage', port 'imm_addr[5]' is not connected to any nets. (LINT-28)
Warning: In design 'ex_mem_stage', port 'imm_addr[6]' is not connected to any nets. (LINT-28)
Warning: In design 'ex_mem_stage', port 'imm_addr[7]' is not connected to any nets. (LINT-28)
Warning: In design 'ex_mem_stage', port 'addr_out[0]' is not connected to any nets. (LINT-28)
Warning: In design 'ex_mem_stage', port 'addr_out[1]' is not connected to any nets. (LINT-28)
Warning: In design 'ex_mem_stage', port 'addr_out[2]' is not connected to any nets. (LINT-28)
Warning: In design 'ex_mem_stage', port 'addr_out[3]' is not connected to any nets. (LINT-28)
Warning: In design 'ex_mem_stage', port 'addr_out[4]' is not connected to any nets. (LINT-28)
Warning: In design 'ex_mem_stage', port 'addr_out[5]' is not connected to any nets. (LINT-28)
Warning: In design 'ex_mem_stage', port 'addr_out[6]' is not connected to any nets. (LINT-28)
Warning: In design 'ex_mem_stage', port 'addr_out[7]' is not connected to any nets. (LINT-28)
Warning: In design 'ex_mem_stage', port 'addr_out[8]' is not connected to any nets. (LINT-28)
Warning: In design 'ex_mem_stage', port 'addr_out[9]' is not connected to any nets. (LINT-28)
Warning: In design 'ex_mem_stage', port 'addr_out[10]' is not connected to any nets. (LINT-28)
Warning: In design 'ex_mem_stage', port 'addr_out[11]' is not connected to any nets. (LINT-28)
Warning: In design 'ex_mem_stage', port 'addr_out[12]' is not connected to any nets. (LINT-28)
Warning: In design 'ex_mem_stage', port 'addr_out[13]' is not connected to any nets. (LINT-28)
Warning: In design 'ex_mem_stage', port 'addr_out[14]' is not connected to any nets. (LINT-28)
Warning: In design 'ex_mem_stage', port 'addr_out[15]' is not connected to any nets. (LINT-28)
Warning: In design 'ex_mem_stage', port 'addr_out[16]' is not connected to any nets. (LINT-28)
Warning: In design 'ex_mem_stage', port 'addr_out[17]' is not connected to any nets. (LINT-28)
Warning: In design 'ex_mem_stage', port 'addr_out[18]' is not connected to any nets. (LINT-28)
Warning: In design 'ex_mem_stage', port 'addr_out[19]' is not connected to any nets. (LINT-28)
Warning: In design 'ex_mem_stage', port 'addr_out[20]' is not connected to any nets. (LINT-28)
Warning: In design 'ex_mem_stage', port 'addr_out[21]' is not connected to any nets. (LINT-28)
Warning: In design 'ex_mem_stage', port 'addr_out[22]' is not connected to any nets. (LINT-28)
Warning: In design 'ex_mem_stage', port 'addr_out[23]' is not connected to any nets. (LINT-28)
Warning: In design 'id_stage', input port 'inst[22]' is connected directly to output port 'branch_target[22]'. (LINT-29)
Warning: In design 'id_stage', input port 'inst[23]' is connected directly to output port 'branch_target[23]'. (LINT-29)
Warning: In design 'id_stage', input port 'inst[24]' is connected directly to output port 'branch_target[24]'. (LINT-29)
Warning: In design 'id_stage', input port 'inst[25]' is connected directly to output port 'branch_target[25]'. (LINT-29)
Warning: In design 'id_stage', input port 'inst[26]' is connected directly to output port 'branch_target[26]'. (LINT-29)
Warning: In design 'id_stage', input port 'inst[27]' is connected directly to output port 'branch_target[27]'. (LINT-29)
Warning: In design 'id_stage', input port 'inst[28]' is connected directly to output port 'branch_target[28]'. (LINT-29)
Warning: In design 'id_stage', input port 'inst[29]' is connected directly to output port 'branch_target[29]'. (LINT-29)
Warning: In design 'ex_mem_stage', input port 'imm_addr[8]' is connected directly to output port 'addr_out[24]'. (LINT-29)
Warning: In design 'ex_mem_stage', input port 'imm_addr[9]' is connected directly to output port 'addr_out[25]'. (LINT-29)
Warning: In design 'ex_mem_stage', input port 'imm_addr[10]' is connected directly to output port 'addr_out[26]'. (LINT-29)
Warning: In design 'ex_mem_stage', input port 'imm_addr[11]' is connected directly to output port 'addr_out[27]'. (LINT-29)
Warning: In design 'ex_mem_stage', input port 'imm_addr[12]' is connected directly to output port 'addr_out[28]'. (LINT-29)
Warning: In design 'ex_mem_stage', input port 'imm_addr[13]' is connected directly to output port 'addr_out[29]'. (LINT-29)
Warning: In design 'ex_mem_stage', input port 'imm_addr[14]' is connected directly to output port 'addr_out[30]'. (LINT-29)
Warning: In design 'ex_mem_stage', input port 'imm_addr[15]' is connected directly to output port 'addr_out[31]'. (LINT-29)
Warning: In design 'cardinal_cpu', the same net is connected to more than one pin on submodule 'EX_MEM_unit'. (LINT-33)
   Net 'idex_alu_func[0]' is connected to pins 'alu_func[0]', 'imm_addr[10]''.
Warning: In design 'cardinal_cpu', the same net is connected to more than one pin on submodule 'EX_MEM_unit'. (LINT-33)
   Net 'idex_alu_func[1]' is connected to pins 'alu_func[1]', 'imm_addr[11]''.
Warning: In design 'cardinal_cpu', the same net is connected to more than one pin on submodule 'EX_MEM_unit'. (LINT-33)
   Net 'idex_alu_func[2]' is connected to pins 'alu_func[2]', 'imm_addr[12]''.
Warning: In design 'cardinal_cpu', the same net is connected to more than one pin on submodule 'EX_MEM_unit'. (LINT-33)
   Net 'idex_alu_func[3]' is connected to pins 'alu_func[3]', 'imm_addr[13]''.
Warning: In design 'cardinal_cpu', the same net is connected to more than one pin on submodule 'EX_MEM_unit'. (LINT-33)
   Net 'idex_alu_func[4]' is connected to pins 'alu_func[4]', 'imm_addr[14]''.
Warning: In design 'cardinal_cpu', the same net is connected to more than one pin on submodule 'EX_MEM_unit'. (LINT-33)
   Net 'idex_imm_addr[8]' is connected to pins 'ww[0]', 'imm_addr[8]''.
Warning: In design 'cardinal_cpu', the same net is connected to more than one pin on submodule 'EX_MEM_unit'. (LINT-33)
   Net 'idex_imm_addr[9]' is connected to pins 'ww[1]', 'imm_addr[9]''.
Information: Design 'imem' does not contain any cells or nets. (LINT-55)
Information: Design 'dmem' does not contain any cells or nets. (LINT-55)
Warning: In design 'cardinal_node', input pin 'inst_in[21]' of hierarchical cell 'u_cpu' has no internal loads and is not connected to any nets. (LINT-60)
Warning: In design 'cardinal_cpu', input pin 'branch_target[31]' of hierarchical cell 'IF_unit' has no internal loads and is not connected to any nets. (LINT-60)
Warning: In design 'cardinal_cpu', input pin 'branch_target[30]' of hierarchical cell 'IF_unit' has no internal loads and is not connected to any nets. (LINT-60)
Warning: In design 'cardinal_cpu', input pin 'branch_target[29]' of hierarchical cell 'IF_unit' has no internal loads and is not connected to any nets. (LINT-60)
Warning: In design 'cardinal_cpu', input pin 'branch_target[28]' of hierarchical cell 'IF_unit' has no internal loads and is not connected to any nets. (LINT-60)
Warning: In design 'cardinal_cpu', input pin 'branch_target[27]' of hierarchical cell 'IF_unit' has no internal loads and is not connected to any nets. (LINT-60)
Warning: In design 'cardinal_cpu', input pin 'branch_target[26]' of hierarchical cell 'IF_unit' has no internal loads and is not connected to any nets. (LINT-60)
Warning: In design 'cardinal_cpu', input pin 'branch_target[25]' of hierarchical cell 'IF_unit' has no internal loads and is not connected to any nets. (LINT-60)
Warning: In design 'cardinal_cpu', input pin 'branch_target[24]' of hierarchical cell 'IF_unit' has no internal loads and is not connected to any nets. (LINT-60)
Warning: In design 'cardinal_cpu', input pin 'branch_target[23]' of hierarchical cell 'IF_unit' has no internal loads and is not connected to any nets. (LINT-60)
Warning: In design 'cardinal_cpu', input pin 'branch_target[22]' of hierarchical cell 'IF_unit' has no internal loads and is not connected to any nets. (LINT-60)
Warning: In design 'cardinal_cpu', input pin 'branch_target[21]' of hierarchical cell 'IF_unit' has no internal loads and is not connected to any nets. (LINT-60)
Warning: In design 'cardinal_cpu', input pin 'branch_target[20]' of hierarchical cell 'IF_unit' has no internal loads and is not connected to any nets. (LINT-60)
Warning: In design 'cardinal_cpu', input pin 'branch_target[19]' of hierarchical cell 'IF_unit' has no internal loads and is not connected to any nets. (LINT-60)
Warning: In design 'cardinal_cpu', input pin 'branch_target[18]' of hierarchical cell 'IF_unit' has no internal loads and is not connected to any nets. (LINT-60)
Warning: In design 'cardinal_cpu', input pin 'branch_target[17]' of hierarchical cell 'IF_unit' has no internal loads and is not connected to any nets. (LINT-60)
Warning: In design 'cardinal_cpu', input pin 'branch_target[16]' of hierarchical cell 'IF_unit' has no internal loads and is not connected to any nets. (LINT-60)
Warning: In design 'cardinal_cpu', input pin 'branch_target[15]' of hierarchical cell 'IF_unit' has no internal loads and is not connected to any nets. (LINT-60)
Warning: In design 'cardinal_cpu', input pin 'branch_target[14]' of hierarchical cell 'IF_unit' has no internal loads and is not connected to any nets. (LINT-60)
Warning: In design 'cardinal_cpu', input pin 'branch_target[13]' of hierarchical cell 'IF_unit' has no internal loads and is not connected to any nets. (LINT-60)
Warning: In design 'cardinal_cpu', input pin 'branch_target[12]' of hierarchical cell 'IF_unit' has no internal loads and is not connected to any nets. (LINT-60)
Warning: In design 'cardinal_cpu', input pin 'branch_target[11]' of hierarchical cell 'IF_unit' has no internal loads and is not connected to any nets. (LINT-60)
Warning: In design 'cardinal_cpu', input pin 'branch_target[10]' of hierarchical cell 'IF_unit' has no internal loads and is not connected to any nets. (LINT-60)
Warning: In design 'cardinal_cpu', input pin 'branch_target[1]' of hierarchical cell 'IF_unit' has no internal loads and is not connected to any nets. (LINT-60)
Warning: In design 'cardinal_cpu', input pin 'branch_target[0]' of hierarchical cell 'IF_unit' has no internal loads and is not connected to any nets. (LINT-60)
Warning: In design 'cardinal_cpu', input pin 'inst[16]' of hierarchical cell 'ID_unit' has no internal loads and is not connected to any nets. (LINT-60)
Warning: In design 'cardinal_cpu', input pin 'inst[17]' of hierarchical cell 'ID_unit' has no internal loads and is not connected to any nets. (LINT-60)
Warning: In design 'cardinal_cpu', input pin 'inst[18]' of hierarchical cell 'ID_unit' has no internal loads and is not connected to any nets. (LINT-60)
Warning: In design 'cardinal_cpu', input pin 'inst[19]' of hierarchical cell 'ID_unit' has no internal loads and is not connected to any nets. (LINT-60)
Warning: In design 'cardinal_cpu', input pin 'inst[20]' of hierarchical cell 'ID_unit' has no internal loads and is not connected to any nets. (LINT-60)
Warning: In design 'cardinal_cpu', input pin 'inst[21]' of hierarchical cell 'ID_unit' has no internal loads and is not connected to any nets. (LINT-60)
Warning: In design 'cardinal_cpu', input pin 'inst[30]' of hierarchical cell 'ID_unit' has no internal loads and is not connected to any nets. (LINT-60)
Warning: In design 'cardinal_cpu', input pin 'inst[31]' of hierarchical cell 'ID_unit' has no internal loads and is not connected to any nets. (LINT-60)
Warning: In design 'cardinal_cpu', input pin 'fwd_rB_data[0]' of hierarchical cell 'ID_unit' has no internal loads and is not connected to any nets. (LINT-60)
Warning: In design 'cardinal_cpu', input pin 'fwd_rB_data[1]' of hierarchical cell 'ID_unit' has no internal loads and is not connected to any nets. (LINT-60)
Warning: In design 'cardinal_cpu', input pin 'fwd_rB_data[2]' of hierarchical cell 'ID_unit' has no internal loads and is not connected to any nets. (LINT-60)
Warning: In design 'cardinal_cpu', input pin 'fwd_rB_data[3]' of hierarchical cell 'ID_unit' has no internal loads and is not connected to any nets. (LINT-60)
Warning: In design 'cardinal_cpu', input pin 'fwd_rB_data[4]' of hierarchical cell 'ID_unit' has no internal loads and is not connected to any nets. (LINT-60)
Warning: In design 'cardinal_cpu', input pin 'fwd_rB_data[5]' of hierarchical cell 'ID_unit' has no internal loads and is not connected to any nets. (LINT-60)
Warning: In design 'cardinal_cpu', input pin 'fwd_rB_data[6]' of hierarchical cell 'ID_unit' has no internal loads and is not connected to any nets. (LINT-60)
Warning: In design 'cardinal_cpu', input pin 'fwd_rB_data[7]' of hierarchical cell 'ID_unit' has no internal loads and is not connected to any nets. (LINT-60)
Warning: In design 'cardinal_cpu', input pin 'fwd_rB_data[8]' of hierarchical cell 'ID_unit' has no internal loads and is not connected to any nets. (LINT-60)
Warning: In design 'cardinal_cpu', input pin 'fwd_rB_data[9]' of hierarchical cell 'ID_unit' has no internal loads and is not connected to any nets. (LINT-60)
Warning: In design 'cardinal_cpu', input pin 'fwd_rB_data[10]' of hierarchical cell 'ID_unit' has no internal loads and is not connected to any nets. (LINT-60)
Warning: In design 'cardinal_cpu', input pin 'fwd_rB_data[11]' of hierarchical cell 'ID_unit' has no internal loads and is not connected to any nets. (LINT-60)
Warning: In design 'cardinal_cpu', input pin 'fwd_rB_data[12]' of hierarchical cell 'ID_unit' has no internal loads and is not connected to any nets. (LINT-60)
Warning: In design 'cardinal_cpu', input pin 'fwd_rB_data[13]' of hierarchical cell 'ID_unit' has no internal loads and is not connected to any nets. (LINT-60)
Warning: In design 'cardinal_cpu', input pin 'fwd_rB_data[14]' of hierarchical cell 'ID_unit' has no internal loads and is not connected to any nets. (LINT-60)
Warning: In design 'cardinal_cpu', input pin 'fwd_rB_data[15]' of hierarchical cell 'ID_unit' has no internal loads and is not connected to any nets. (LINT-60)
Warning: In design 'cardinal_cpu', input pin 'fwd_rB_data[16]' of hierarchical cell 'ID_unit' has no internal loads and is not connected to any nets. (LINT-60)
Warning: In design 'cardinal_cpu', input pin 'fwd_rB_data[17]' of hierarchical cell 'ID_unit' has no internal loads and is not connected to any nets. (LINT-60)
Warning: In design 'cardinal_cpu', input pin 'fwd_rB_data[18]' of hierarchical cell 'ID_unit' has no internal loads and is not connected to any nets. (LINT-60)
Warning: In design 'cardinal_cpu', input pin 'fwd_rB_data[19]' of hierarchical cell 'ID_unit' has no internal loads and is not connected to any nets. (LINT-60)
Warning: In design 'cardinal_cpu', input pin 'fwd_rB_data[20]' of hierarchical cell 'ID_unit' has no internal loads and is not connected to any nets. (LINT-60)
Warning: In design 'cardinal_cpu', input pin 'fwd_rB_data[21]' of hierarchical cell 'ID_unit' has no internal loads and is not connected to any nets. (LINT-60)
Warning: In design 'cardinal_cpu', input pin 'fwd_rB_data[22]' of hierarchical cell 'ID_unit' has no internal loads and is not connected to any nets. (LINT-60)
Warning: In design 'cardinal_cpu', input pin 'fwd_rB_data[23]' of hierarchical cell 'ID_unit' has no internal loads and is not connected to any nets. (LINT-60)
Warning: In design 'cardinal_cpu', input pin 'fwd_rB_data[24]' of hierarchical cell 'ID_unit' has no internal loads and is not connected to any nets. (LINT-60)
Warning: In design 'cardinal_cpu', input pin 'fwd_rB_data[25]' of hierarchical cell 'ID_unit' has no internal loads and is not connected to any nets. (LINT-60)
Warning: In design 'cardinal_cpu', input pin 'fwd_rB_data[26]' of hierarchical cell 'ID_unit' has no internal loads and is not connected to any nets. (LINT-60)
Warning: In design 'cardinal_cpu', input pin 'fwd_rB_data[27]' of hierarchical cell 'ID_unit' has no internal loads and is not connected to any nets. (LINT-60)
Warning: In design 'cardinal_cpu', input pin 'fwd_rB_data[28]' of hierarchical cell 'ID_unit' has no internal loads and is not connected to any nets. (LINT-60)
Warning: In design 'cardinal_cpu', input pin 'fwd_rB_data[29]' of hierarchical cell 'ID_unit' has no internal loads and is not connected to any nets. (LINT-60)
Warning: In design 'cardinal_cpu', input pin 'fwd_rB_data[30]' of hierarchical cell 'ID_unit' has no internal loads and is not connected to any nets. (LINT-60)
Warning: In design 'cardinal_cpu', input pin 'fwd_rB_data[31]' of hierarchical cell 'ID_unit' has no internal loads and is not connected to any nets. (LINT-60)
Warning: In design 'cardinal_cpu', input pin 'fwd_rB_data[32]' of hierarchical cell 'ID_unit' has no internal loads and is not connected to any nets. (LINT-60)
Warning: In design 'cardinal_cpu', input pin 'fwd_rB_data[33]' of hierarchical cell 'ID_unit' has no internal loads and is not connected to any nets. (LINT-60)
Warning: In design 'cardinal_cpu', input pin 'fwd_rB_data[34]' of hierarchical cell 'ID_unit' has no internal loads and is not connected to any nets. (LINT-60)
Warning: In design 'cardinal_cpu', input pin 'fwd_rB_data[35]' of hierarchical cell 'ID_unit' has no internal loads and is not connected to any nets. (LINT-60)
Warning: In design 'cardinal_cpu', input pin 'fwd_rB_data[36]' of hierarchical cell 'ID_unit' has no internal loads and is not connected to any nets. (LINT-60)
Warning: In design 'cardinal_cpu', input pin 'fwd_rB_data[37]' of hierarchical cell 'ID_unit' has no internal loads and is not connected to any nets. (LINT-60)
Warning: In design 'cardinal_cpu', input pin 'fwd_rB_data[38]' of hierarchical cell 'ID_unit' has no internal loads and is not connected to any nets. (LINT-60)
Warning: In design 'cardinal_cpu', input pin 'fwd_rB_data[39]' of hierarchical cell 'ID_unit' has no internal loads and is not connected to any nets. (LINT-60)
Warning: In design 'cardinal_cpu', input pin 'fwd_rB_data[40]' of hierarchical cell 'ID_unit' has no internal loads and is not connected to any nets. (LINT-60)
Warning: In design 'cardinal_cpu', input pin 'fwd_rB_data[41]' of hierarchical cell 'ID_unit' has no internal loads and is not connected to any nets. (LINT-60)
Warning: In design 'cardinal_cpu', input pin 'fwd_rB_data[42]' of hierarchical cell 'ID_unit' has no internal loads and is not connected to any nets. (LINT-60)
Warning: In design 'cardinal_cpu', input pin 'fwd_rB_data[43]' of hierarchical cell 'ID_unit' has no internal loads and is not connected to any nets. (LINT-60)
Warning: In design 'cardinal_cpu', input pin 'fwd_rB_data[44]' of hierarchical cell 'ID_unit' has no internal loads and is not connected to any nets. (LINT-60)
Warning: In design 'cardinal_cpu', input pin 'fwd_rB_data[45]' of hierarchical cell 'ID_unit' has no internal loads and is not connected to any nets. (LINT-60)
Warning: In design 'cardinal_cpu', input pin 'fwd_rB_data[46]' of hierarchical cell 'ID_unit' has no internal loads and is not connected to any nets. (LINT-60)
Warning: In design 'cardinal_cpu', input pin 'fwd_rB_data[47]' of hierarchical cell 'ID_unit' has no internal loads and is not connected to any nets. (LINT-60)
Warning: In design 'cardinal_cpu', input pin 'fwd_rB_data[48]' of hierarchical cell 'ID_unit' has no internal loads and is not connected to any nets. (LINT-60)
Warning: In design 'cardinal_cpu', input pin 'fwd_rB_data[49]' of hierarchical cell 'ID_unit' has no internal loads and is not connected to any nets. (LINT-60)
Warning: In design 'cardinal_cpu', input pin 'fwd_rB_data[50]' of hierarchical cell 'ID_unit' has no internal loads and is not connected to any nets. (LINT-60)
Warning: In design 'cardinal_cpu', input pin 'fwd_rB_data[51]' of hierarchical cell 'ID_unit' has no internal loads and is not connected to any nets. (LINT-60)
Warning: In design 'cardinal_cpu', input pin 'fwd_rB_data[52]' of hierarchical cell 'ID_unit' has no internal loads and is not connected to any nets. (LINT-60)
Warning: In design 'cardinal_cpu', input pin 'fwd_rB_data[53]' of hierarchical cell 'ID_unit' has no internal loads and is not connected to any nets. (LINT-60)
Warning: In design 'cardinal_cpu', input pin 'fwd_rB_data[54]' of hierarchical cell 'ID_unit' has no internal loads and is not connected to any nets. (LINT-60)
Warning: In design 'cardinal_cpu', input pin 'fwd_rB_data[55]' of hierarchical cell 'ID_unit' has no internal loads and is not connected to any nets. (LINT-60)
Warning: In design 'cardinal_cpu', input pin 'fwd_rB_data[56]' of hierarchical cell 'ID_unit' has no internal loads and is not connected to any nets. (LINT-60)
Warning: In design 'cardinal_cpu', input pin 'fwd_rB_data[57]' of hierarchical cell 'ID_unit' has no internal loads and is not connected to any nets. (LINT-60)
Warning: In design 'cardinal_cpu', input pin 'fwd_rB_data[58]' of hierarchical cell 'ID_unit' has no internal loads and is not connected to any nets. (LINT-60)
Warning: In design 'cardinal_cpu', input pin 'fwd_rB_data[59]' of hierarchical cell 'ID_unit' has no internal loads and is not connected to any nets. (LINT-60)
Warning: In design 'cardinal_cpu', input pin 'fwd_rB_data[60]' of hierarchical cell 'ID_unit' has no internal loads and is not connected to any nets. (LINT-60)
Warning: In design 'cardinal_cpu', input pin 'fwd_rB_data[61]' of hierarchical cell 'ID_unit' has no internal loads and is not connected to any nets. (LINT-60)
Warning: In design 'cardinal_cpu', input pin 'fwd_rB_data[62]' of hierarchical cell 'ID_unit' has no internal loads and is not connected to any nets. (LINT-60)
Warning: In design 'cardinal_cpu', input pin 'fwd_rB_data[63]' of hierarchical cell 'ID_unit' has no internal loads and is not connected to any nets. (LINT-60)
Warning: In design 'cardinal_cpu', input pin 'imm_addr[2]' of hierarchical cell 'EX_MEM_unit' has no internal loads and is not connected to any nets. (LINT-60)
Warning: In design 'cardinal_cpu', input pin 'imm_addr[3]' of hierarchical cell 'EX_MEM_unit' has no internal loads and is not connected to any nets. (LINT-60)
Warning: In design 'cardinal_cpu', input pin 'imm_addr[4]' of hierarchical cell 'EX_MEM_unit' has no internal loads and is not connected to any nets. (LINT-60)
Warning: In design 'cardinal_cpu', input pin 'imm_addr[5]' of hierarchical cell 'EX_MEM_unit' has no internal loads and is not connected to any nets. (LINT-60)
Warning: In design 'cardinal_cpu', input pin 'imm_addr[6]' of hierarchical cell 'EX_MEM_unit' has no internal loads and is not connected to any nets. (LINT-60)
Warning: In design 'cardinal_cpu', input pin 'imm_addr[7]' of hierarchical cell 'EX_MEM_unit' has no internal loads and is not connected to any nets. (LINT-60)
1
